This is pdfTeX, Version 3.14159265-2.6-1.40.19 (TeX Live 2019/dev/Debian) (preloaded format=pdflatex 2024.3.15)  20 MAR 2024 11:50
entering extended mode
 restricted \write18 enabled.
 %&-line parsing enabled.
**refman
(./refman.tex
LaTeX2e <2018-12-01>
(/usr/share/texlive/texmf-dist/tex/latex/base/book.cls
Document Class: book 2018/09/03 v1.4i Standard LaTeX document class
(/usr/share/texlive/texmf-dist/tex/latex/base/bk10.clo
File: bk10.clo 2018/09/03 v1.4i Standard LaTeX file (size option)
)
\c@part=\count80
\c@chapter=\count81
\c@section=\count82
\c@subsection=\count83
\c@subsubsection=\count84
\c@paragraph=\count85
\c@subparagraph=\count86
\c@figure=\count87
\c@table=\count88
\abovecaptionskip=\skip41
\belowcaptionskip=\skip42
\bibindent=\dimen102
)
(/usr/share/texlive/texmf-dist/tex/latex/base/ifthen.sty
Package: ifthen 2014/09/29 v1.1c Standard LaTeX ifthen package (DPC)
)
(/usr/share/texlive/texmf-dist/tex/latex/tools/array.sty
Rollback for package 'array' requested -> date 2016-10-06.
         Best approximation is the release introduced on 2016-10-06.

(/usr/share/texlive/texmf-dist/tex/latex/tools/array-2016-10-06.sty
Package: array 2016/10/06 v2.4d Tabular extension package (FMi)
\col@sep=\dimen103
\extrarowheight=\dimen104
\NC@list=\toks14
\extratabsurround=\skip43
\backup@length=\skip44
))
(/usr/share/texlive/texmf-dist/tex/latex/base/fixltx2e.sty
Package: fixltx2e 2016/12/29 v2.1a fixes to LaTeX (obsolete)
Applying: [2015/01/01] Old fixltx2e package on input line 46.


Package fixltx2e Warning: fixltx2e is not required with releases after 2015
(fixltx2e)                All fixes are now in the LaTeX kernel.
(fixltx2e)                See the latexrelease package for details.

Already applied: [0000/00/00] Old fixltx2e package on input line 53.
) (/usr/share/texlive/texmf-dist/tex/latex/tools/calc.sty
Package: calc 2017/05/25 v4.3 Infix arithmetic (KKT,FJ)
\calc@Acount=\count89
\calc@Bcount=\count90
\calc@Adimen=\dimen105
\calc@Bdimen=\dimen106
\calc@Askip=\skip45
\calc@Bskip=\skip46
LaTeX Info: Redefining \setlength on input line 80.
LaTeX Info: Redefining \addtolength on input line 81.
\calc@Ccount=\count91
\calc@Cskip=\skip47
) (./doxygen.sty
Package: doxygen 

(/usr/share/texlive/texmf-dist/tex/latex/base/alltt.sty
Package: alltt 1997/06/16 v2.0g defines alltt environment
)
(/usr/share/texlive/texmf-dist/tex/latex/float/float.sty
Package: float 2001/11/08 v1.3d Float enhancements (AL)
\c@float@type=\count92
\float@exts=\toks15
\float@box=\box27
\@float@everytoks=\toks16
\@floatcapt=\box28
)
(/usr/share/texlive/texmf-dist/tex/latex/tools/verbatim.sty
Package: verbatim 2014/10/28 v1.5q LaTeX2e package for verbatim enhancements
\every@verbatim=\toks17
\verbatim@line=\toks18
\verbatim@in@stream=\read1
)
(/usr/share/texlive/texmf-dist/tex/latex/xcolor/xcolor.sty
Package: xcolor 2016/05/11 v2.12 LaTeX color extensions (UK)

(/usr/share/texlive/texmf-dist/tex/latex/graphics-cfg/color.cfg
File: color.cfg 2016/01/02 v1.6 sample color configuration
)
Package xcolor Info: Driver file: pdftex.def on input line 225.

(/usr/share/texlive/texmf-dist/tex/latex/graphics-def/pdftex.def
File: pdftex.def 2018/01/08 v1.0l Graphics/color driver for pdftex
)
(/usr/share/texlive/texmf-dist/tex/latex/colortbl/colortbl.sty
Package: colortbl 2018/12/12 v1.0d Color table columns (DPC)
\everycr=\toks19
\minrowclearance=\skip48
)
\rownum=\count93
Package xcolor Info: Model `cmy' substituted by `cmy0' on input line 1348.
Package xcolor Info: Model `hsb' substituted by `rgb' on input line 1352.
Package xcolor Info: Model `RGB' extended on input line 1364.
Package xcolor Info: Model `HTML' substituted by `rgb' on input line 1366.
Package xcolor Info: Model `Hsb' substituted by `hsb' on input line 1367.
Package xcolor Info: Model `tHsb' substituted by `hsb' on input line 1368.
Package xcolor Info: Model `HSB' substituted by `hsb' on input line 1369.
Package xcolor Info: Model `Gray' substituted by `gray' on input line 1370.
Package xcolor Info: Model `wave' substituted by `hsb' on input line 1371.
)
(./longtable_doxygen.sty
Package: longtable_doxygen 2014/10/28 v4.11 Multi-page Table package (DPC) - fr
ozen version for doxygen
\LTleft=\skip49
\LTright=\skip50
\LTpre=\skip51
\LTpost=\skip52
\LTchunksize=\count94
\LTcapwidth=\dimen107
\LT@head=\box29
\LT@firsthead=\box30
\LT@foot=\box31
\LT@lastfoot=\box32
\LT@cols=\count95
\LT@rows=\count96
\c@LT@tables=\count97
\c@LT@chunks=\count98
\LT@p@ftn=\toks20
) (./tabu_doxygen.sty
Package: tabu_doxygen 2011/02/26 v2.8 - flexible LaTeX tabulars (FC), frozen ve
rsion for doxygen

(/usr/share/texlive/texmf-dist/tex/latex/varwidth/varwidth.sty
Package: varwidth 2009/03/30 ver 0.92;  Variable-width minipages
\@vwid@box=\box33
\sift@deathcycles=\count99
\@vwid@loff=\dimen108
\@vwid@roff=\dimen109
)
\c@taburow=\count100
\tabu@nbcols=\count101
\tabu@cnt=\count102
\tabu@Xcol=\count103
\tabu@alloc=\count104
\tabu@nested=\count105
\tabu@target=\dimen110
\tabu@spreadtarget=\dimen111
\tabu@naturalX=\dimen112
\tabucolX=\dimen113
\tabu@Xsum=\dimen114
\extrarowdepth=\dimen115
\abovetabulinesep=\dimen116
\belowtabulinesep=\dimen117
\tabustrutrule=\dimen118
\tabu@thebody=\toks21
\tabu@footnotes=\toks22
\tabu@box=\box34
\tabu@arstrutbox=\box35
\tabu@hleads=\box36
\tabu@vleads=\box37
\tabu@cellskip=\skip53
)
(/usr/share/texlive/texmf-dist/tex/latex/fancyvrb/fancyvrb.sty
Package: fancyvrb 2019/01/15

Style option: `fancyvrb' v3.2a <2019/01/15> (tvz)
(/usr/share/texlive/texmf-dist/tex/latex/graphics/keyval.sty
Package: keyval 2014/10/28 v1.15 key=value parser (DPC)
\KV@toks@=\toks23
)
\FV@CodeLineNo=\count106
\FV@InFile=\read2
\FV@TabBox=\box38
\c@FancyVerbLine=\count107
\FV@StepNumber=\count108
\FV@OutFile=\write3
)
(/usr/share/texlive/texmf-dist/tex/latex/tools/tabularx.sty
Package: tabularx 2016/02/03 v2.11b `tabularx' package (DPC)
\TX@col@width=\dimen119
\TX@old@table=\dimen120
\TX@old@col=\dimen121
\TX@target=\dimen122
\TX@delta=\dimen123
\TX@cols=\count109
\TX@ftn=\toks24
)
(/usr/share/texlive/texmf-dist/tex/latex/multirow/multirow.sty
Package: multirow 2019/01/01 v2.4 Span multiple rows of a table
\multirow@colwidth=\skip54
\multirow@cntb=\count110
\multirow@dima=\skip55
\bigstrutjot=\dimen124
)
(/usr/share/texlive/texmf-dist/tex/latex/hanging/hanging.sty
Package: hanging 2009/09/02 v1.2b hanging paragraphs and punctuation
\h@ngcommawd=\skip56
\h@ngfstopwd=\skip57
\h@ngquotewd=\skip58
\h@ngdquotewd=\skip59
\h@ngquerywd=\skip60
\h@ngexclwd=\skip61
\h@ngcolonwd=\skip62
\h@ngscolonwd=\skip63
)
(/usr/share/texlive/texmf-dist/tex/generic/oberdiek/ifpdf.sty
Package: ifpdf 2018/09/07 v3.3 Provides the ifpdf switch
)
(/usr/share/texlive/texmf-dist/tex/latex/adjustbox/adjustbox.sty
Package: adjustbox 2019/01/04 v1.2 Adjusting TeX boxes (trim, clip, ...)

(/usr/share/texlive/texmf-dist/tex/latex/xkeyval/xkeyval.sty
Package: xkeyval 2014/12/03 v2.7a package option processing (HA)

(/usr/share/texlive/texmf-dist/tex/generic/xkeyval/xkeyval.tex
(/usr/share/texlive/texmf-dist/tex/generic/xkeyval/xkvutils.tex
\XKV@toks=\toks25
\XKV@tempa@toks=\toks26
)
\XKV@depth=\count111
File: xkeyval.tex 2014/12/03 v2.7a key=value parser (HA)
))
(/usr/share/texlive/texmf-dist/tex/latex/adjustbox/adjcalc.sty
Package: adjcalc 2012/05/16 v1.1 Provides advanced setlength with multiple back
-ends (calc, etex, pgfmath)
)
(/usr/share/texlive/texmf-dist/tex/latex/adjustbox/trimclip.sty
Package: trimclip 2018/04/08 v1.1 Trim and clip general TeX material

(/usr/share/texlive/texmf-dist/tex/latex/graphics/graphicx.sty
Package: graphicx 2017/06/01 v1.1a Enhanced LaTeX Graphics (DPC,SPQR)

(/usr/share/texlive/texmf-dist/tex/latex/graphics/graphics.sty
Package: graphics 2017/06/25 v1.2c Standard LaTeX Graphics (DPC,SPQR)

(/usr/share/texlive/texmf-dist/tex/latex/graphics/trig.sty
Package: trig 2016/01/03 v1.10 sin cos tan (DPC)
)
(/usr/share/texlive/texmf-dist/tex/latex/graphics-cfg/graphics.cfg
File: graphics.cfg 2016/06/04 v1.11 sample graphics configuration
)
Package graphics Info: Driver file: pdftex.def on input line 99.
)
\Gin@req@height=\dimen125
\Gin@req@width=\dimen126
)
(/usr/share/texlive/texmf-dist/tex/latex/collectbox/collectbox.sty
Package: collectbox 2012/05/17 v0.4b Collect macro arguments as boxes
\collectedbox=\box39
)
\tc@llx=\dimen127
\tc@lly=\dimen128
\tc@urx=\dimen129
\tc@ury=\dimen130
Package trimclip Info: Using driver 'tc-pdftex.def'.

(/usr/share/texlive/texmf-dist/tex/latex/adjustbox/tc-pdftex.def
File: tc-pdftex.def 2019/01/04 v2.2 Clipping driver for pdftex
))
\adjbox@Width=\dimen131
\adjbox@Height=\dimen132
\adjbox@Depth=\dimen133
\adjbox@Totalheight=\dimen134
\adjbox@pwidth=\dimen135
\adjbox@pheight=\dimen136
\adjbox@pdepth=\dimen137
\adjbox@ptotalheight=\dimen138

(/usr/share/texlive/texmf-dist/tex/latex/ifoddpage/ifoddpage.sty
Package: ifoddpage 2016/04/23 v1.1 Conditionals for odd/even page detection
\c@checkoddpage=\count112
))
(/usr/share/texlive/texmf-dist/tex/latex/amsfonts/amssymb.sty
Package: amssymb 2013/01/14 v3.01 AMS font symbols

(/usr/share/texlive/texmf-dist/tex/latex/amsfonts/amsfonts.sty
Package: amsfonts 2013/01/14 v3.01 Basic AMSFonts support
\@emptytoks=\toks27
\symAMSa=\mathgroup4
\symAMSb=\mathgroup5
LaTeX Font Info:    Overwriting math alphabet `\mathfrak' in version `bold'
(Font)                  U/euf/m/n --> U/euf/b/n on input line 106.
))
(/usr/share/texlive/texmf-dist/tex/latex/stackengine/stackengine.sty
Package: stackengine 2017/02/13 v4.01\ Stacking text and objects in convenient 
ways

(/usr/share/texlive/texmf-dist/tex/latex/etoolbox/etoolbox.sty
Package: etoolbox 2018/08/19 v2.5f e-TeX tools for LaTeX (JAW)
\etb@tempcnta=\count113
)
(/usr/share/texlive/texmf-dist/tex/generic/listofitems/listofitems.sty
(/usr/share/texlive/texmf-dist/tex/generic/listofitems/listofitems.tex
\loi_cnt_foreach_nest=\count114
\loi_nestcnt=\count115
)
Package: listofitems 2018/11/01 v1.6 Grab items in lists using user-specified s
ep char (CT)
)
\c@@stackindex=\count116
\@boxshift=\skip64
\stack@tmplength=\skip65
\temp@stkl=\skip66
\@stackedboxwidth=\skip67
\@addedbox=\box40
\@anchorbox=\box41
\stackedbox=\box42
\@centerbox=\box43
\c@ROWcellindex@=\count117
)
(/usr/share/texlive/texmf-dist/tex/generic/ulem/ulem.sty
\UL@box=\box44
\UL@hyphenbox=\box45
\UL@skip=\skip68
\UL@hook=\toks28
\UL@height=\dimen139
\UL@pe=\count118
\UL@pixel=\dimen140
\ULC@box=\box46
Package: ulem 2012/05/18
\ULdepth=\dimen141
)
\xrefbox=\box47
\xreflength=\skip69
\CodeWidthChar=\skip70
\CodeHeightChar=\skip71
\DoxyCodeWidth=\skip72
)
(/usr/share/texlive/texmf-dist/tex/latex/base/inputenc.sty
Package: inputenc 2018/08/11 v1.3c Input encoding file
\inpenc@prehook=\toks29
\inpenc@posthook=\toks30
)
(/usr/share/texlive/texmf-dist/tex/latex/base/makeidx.sty
Package: makeidx 2014/09/29 v1.0m Standard LaTeX package
)
(/usr/share/texlive/texmf-dist/tex/latex/tools/multicol.sty
Package: multicol 2018/12/27 v1.8v multicolumn formatting (FMi)
\c@tracingmulticols=\count119
\mult@box=\box48
\multicol@leftmargin=\dimen142
\c@unbalance=\count120
\c@collectmore=\count121
\doublecol@number=\count122
\multicoltolerance=\count123
\multicolpretolerance=\count124
\full@width=\dimen143
\page@free=\dimen144
\premulticols=\dimen145
\postmulticols=\dimen146
\multicolsep=\skip73
\multicolbaselineskip=\skip74
\partial@page=\box49
\last@line=\box50
\maxbalancingoverflow=\dimen147
\mult@rightbox=\box51
\mult@grightbox=\box52
\mult@gfirstbox=\box53
\mult@firstbox=\box54
\@tempa=\box55
\@tempa=\box56
\@tempa=\box57
\@tempa=\box58
\@tempa=\box59
\@tempa=\box60
\@tempa=\box61
\@tempa=\box62
\@tempa=\box63
\@tempa=\box64
\@tempa=\box65
\@tempa=\box66
\@tempa=\box67
\@tempa=\box68
\@tempa=\box69
\@tempa=\box70
\@tempa=\box71
\c@columnbadness=\count125
\c@finalcolumnbadness=\count126
\last@try=\dimen148
\multicolovershoot=\dimen149
\multicolundershoot=\dimen150
\mult@nat@firstbox=\box72
\colbreak@box=\box73
\mc@col@check@num=\count127
)
(/usr/share/texlive/texmf-dist/tex/latex/base/textcomp.sty
Package: textcomp 2018/08/11 v2.0j Standard LaTeX package
Package textcomp Info: Sub-encoding information:
(textcomp)               5 = only ISO-Adobe without \textcurrency
(textcomp)               4 = 5 + \texteuro
(textcomp)               3 = 4 + \textohm
(textcomp)               2 = 3 + \textestimated + \textcurrency
(textcomp)               1 = TS1 - \textcircled - \t
(textcomp)               0 = TS1 (full)
(textcomp)             Font families with sub-encoding setting implement
(textcomp)             only a restricted character set as indicated.
(textcomp)             Family '?' is the default used for unknown fonts.
(textcomp)             See the documentation for details.
Package textcomp Info: Setting ? sub-encoding to TS1/1 on input line 79.

(/usr/share/texlive/texmf-dist/tex/latex/base/ts1enc.def
File: ts1enc.def 2001/06/05 v3.0e (jk/car/fm) Standard LaTeX file
Now handling font encoding TS1 ...
... processing UTF-8 mapping file for font encoding TS1

(/usr/share/texlive/texmf-dist/tex/latex/base/ts1enc.dfu
File: ts1enc.dfu 2018/10/05 v1.2f UTF-8 support for inputenc
   defining Unicode char U+00A2 (decimal 162)
   defining Unicode char U+00A3 (decimal 163)
   defining Unicode char U+00A4 (decimal 164)
   defining Unicode char U+00A5 (decimal 165)
   defining Unicode char U+00A6 (decimal 166)
   defining Unicode char U+00A7 (decimal 167)
   defining Unicode char U+00A8 (decimal 168)
   defining Unicode char U+00A9 (decimal 169)
   defining Unicode char U+00AA (decimal 170)
   defining Unicode char U+00AC (decimal 172)
   defining Unicode char U+00AE (decimal 174)
   defining Unicode char U+00AF (decimal 175)
   defining Unicode char U+00B0 (decimal 176)
   defining Unicode char U+00B1 (decimal 177)
   defining Unicode char U+00B2 (decimal 178)
   defining Unicode char U+00B3 (decimal 179)
   defining Unicode char U+00B4 (decimal 180)
   defining Unicode char U+00B5 (decimal 181)
   defining Unicode char U+00B6 (decimal 182)
   defining Unicode char U+00B7 (decimal 183)
   defining Unicode char U+00B9 (decimal 185)
   defining Unicode char U+00BA (decimal 186)
   defining Unicode char U+00BC (decimal 188)
   defining Unicode char U+00BD (decimal 189)
   defining Unicode char U+00BE (decimal 190)
   defining Unicode char U+00D7 (decimal 215)
   defining Unicode char U+00F7 (decimal 247)
   defining Unicode char U+0192 (decimal 402)
   defining Unicode char U+02C7 (decimal 711)
   defining Unicode char U+02D8 (decimal 728)
   defining Unicode char U+02DD (decimal 733)
   defining Unicode char U+0E3F (decimal 3647)
   defining Unicode char U+2016 (decimal 8214)
   defining Unicode char U+2020 (decimal 8224)
   defining Unicode char U+2021 (decimal 8225)
   defining Unicode char U+2022 (decimal 8226)
   defining Unicode char U+2030 (decimal 8240)
   defining Unicode char U+2031 (decimal 8241)
   defining Unicode char U+203B (decimal 8251)
   defining Unicode char U+203D (decimal 8253)
   defining Unicode char U+2044 (decimal 8260)
   defining Unicode char U+204E (decimal 8270)
   defining Unicode char U+2052 (decimal 8274)
   defining Unicode char U+20A1 (decimal 8353)
   defining Unicode char U+20A4 (decimal 8356)
   defining Unicode char U+20A6 (decimal 8358)
   defining Unicode char U+20A9 (decimal 8361)
   defining Unicode char U+20AB (decimal 8363)
   defining Unicode char U+20AC (decimal 8364)
   defining Unicode char U+20B1 (decimal 8369)
   defining Unicode char U+2103 (decimal 8451)
   defining Unicode char U+2116 (decimal 8470)
   defining Unicode char U+2117 (decimal 8471)
   defining Unicode char U+211E (decimal 8478)
   defining Unicode char U+2120 (decimal 8480)
   defining Unicode char U+2122 (decimal 8482)
   defining Unicode char U+2126 (decimal 8486)
   defining Unicode char U+2127 (decimal 8487)
   defining Unicode char U+212E (decimal 8494)
   defining Unicode char U+2190 (decimal 8592)
   defining Unicode char U+2191 (decimal 8593)
   defining Unicode char U+2192 (decimal 8594)
   defining Unicode char U+2193 (decimal 8595)
   defining Unicode char U+2329 (decimal 9001)
   defining Unicode char U+232A (decimal 9002)
   defining Unicode char U+2422 (decimal 9250)
   defining Unicode char U+25E6 (decimal 9702)
   defining Unicode char U+25EF (decimal 9711)
   defining Unicode char U+266A (decimal 9834)
   defining Unicode char U+FEFF (decimal 65279)
))
LaTeX Info: Redefining \oldstylenums on input line 334.
Package textcomp Info: Setting cmr sub-encoding to TS1/0 on input line 349.
Package textcomp Info: Setting cmss sub-encoding to TS1/0 on input line 350.
Package textcomp Info: Setting cmtt sub-encoding to TS1/0 on input line 351.
Package textcomp Info: Setting cmvtt sub-encoding to TS1/0 on input line 352.
Package textcomp Info: Setting cmbr sub-encoding to TS1/0 on input line 353.
Package textcomp Info: Setting cmtl sub-encoding to TS1/0 on input line 354.
Package textcomp Info: Setting ccr sub-encoding to TS1/0 on input line 355.
Package textcomp Info: Setting ptm sub-encoding to TS1/4 on input line 356.
Package textcomp Info: Setting pcr sub-encoding to TS1/4 on input line 357.
Package textcomp Info: Setting phv sub-encoding to TS1/4 on input line 358.
Package textcomp Info: Setting ppl sub-encoding to TS1/3 on input line 359.
Package textcomp Info: Setting pag sub-encoding to TS1/4 on input line 360.
Package textcomp Info: Setting pbk sub-encoding to TS1/4 on input line 361.
Package textcomp Info: Setting pnc sub-encoding to TS1/4 on input line 362.
Package textcomp Info: Setting pzc sub-encoding to TS1/4 on input line 363.
Package textcomp Info: Setting bch sub-encoding to TS1/4 on input line 364.
Package textcomp Info: Setting put sub-encoding to TS1/5 on input line 365.
Package textcomp Info: Setting uag sub-encoding to TS1/5 on input line 366.
Package textcomp Info: Setting ugq sub-encoding to TS1/5 on input line 367.
Package textcomp Info: Setting ul8 sub-encoding to TS1/4 on input line 368.
Package textcomp Info: Setting ul9 sub-encoding to TS1/4 on input line 369.
Package textcomp Info: Setting augie sub-encoding to TS1/5 on input line 370.
Package textcomp Info: Setting dayrom sub-encoding to TS1/3 on input line 371.
Package textcomp Info: Setting dayroms sub-encoding to TS1/3 on input line 372.

Package textcomp Info: Setting pxr sub-encoding to TS1/0 on input line 373.
Package textcomp Info: Setting pxss sub-encoding to TS1/0 on input line 374.
Package textcomp Info: Setting pxtt sub-encoding to TS1/0 on input line 375.
Package textcomp Info: Setting txr sub-encoding to TS1/0 on input line 376.
Package textcomp Info: Setting txss sub-encoding to TS1/0 on input line 377.
Package textcomp Info: Setting txtt sub-encoding to TS1/0 on input line 378.
Package textcomp Info: Setting lmr sub-encoding to TS1/0 on input line 379.
Package textcomp Info: Setting lmdh sub-encoding to TS1/0 on input line 380.
Package textcomp Info: Setting lmss sub-encoding to TS1/0 on input line 381.
Package textcomp Info: Setting lmssq sub-encoding to TS1/0 on input line 382.
Package textcomp Info: Setting lmvtt sub-encoding to TS1/0 on input line 383.
Package textcomp Info: Setting lmtt sub-encoding to TS1/0 on input line 384.
Package textcomp Info: Setting qhv sub-encoding to TS1/0 on input line 385.
Package textcomp Info: Setting qag sub-encoding to TS1/0 on input line 386.
Package textcomp Info: Setting qbk sub-encoding to TS1/0 on input line 387.
Package textcomp Info: Setting qcr sub-encoding to TS1/0 on input line 388.
Package textcomp Info: Setting qcs sub-encoding to TS1/0 on input line 389.
Package textcomp Info: Setting qpl sub-encoding to TS1/0 on input line 390.
Package textcomp Info: Setting qtm sub-encoding to TS1/0 on input line 391.
Package textcomp Info: Setting qzc sub-encoding to TS1/0 on input line 392.
Package textcomp Info: Setting qhvc sub-encoding to TS1/0 on input line 393.
Package textcomp Info: Setting futs sub-encoding to TS1/4 on input line 394.
Package textcomp Info: Setting futx sub-encoding to TS1/4 on input line 395.
Package textcomp Info: Setting futj sub-encoding to TS1/4 on input line 396.
Package textcomp Info: Setting hlh sub-encoding to TS1/3 on input line 397.
Package textcomp Info: Setting hls sub-encoding to TS1/3 on input line 398.
Package textcomp Info: Setting hlst sub-encoding to TS1/3 on input line 399.
Package textcomp Info: Setting hlct sub-encoding to TS1/5 on input line 400.
Package textcomp Info: Setting hlx sub-encoding to TS1/5 on input line 401.
Package textcomp Info: Setting hlce sub-encoding to TS1/5 on input line 402.
Package textcomp Info: Setting hlcn sub-encoding to TS1/5 on input line 403.
Package textcomp Info: Setting hlcw sub-encoding to TS1/5 on input line 404.
Package textcomp Info: Setting hlcf sub-encoding to TS1/5 on input line 405.
Package textcomp Info: Setting pplx sub-encoding to TS1/3 on input line 406.
Package textcomp Info: Setting pplj sub-encoding to TS1/3 on input line 407.
Package textcomp Info: Setting ptmx sub-encoding to TS1/4 on input line 408.
Package textcomp Info: Setting ptmj sub-encoding to TS1/4 on input line 409.
)
(/usr/share/texlive/texmf-dist/tex/latex/wasysym/wasysym.sty
Package: wasysym 2003/10/30 v2.0 Wasy-2 symbol support package
\symwasy=\mathgroup6
LaTeX Font Info:    Overwriting symbol font `wasy' in version `bold'
(Font)                  U/wasy/m/n --> U/wasy/b/n on input line 90.
)
(/usr/share/texlive/texmf-dist/tex/generic/ifxetex/ifxetex.sty
Package: ifxetex 2010/09/12 v0.6 Provides ifxetex conditional
)
(/usr/share/texlive/texmf-dist/tex/latex/base/fontenc.sty
Package: fontenc 2018/08/11 v2.0j Standard LaTeX package

(/usr/share/texlive/texmf-dist/tex/latex/cyrillic/t2aenc.def
File: t2aenc.def 2005/09/27 v1.0i Cyrillic encoding definition file
Now handling font encoding T2A ...
... processing UTF-8 mapping file for font encoding T2A

(/usr/share/texlive/texmf-dist/tex/latex/base/t2aenc.dfu
File: t2aenc.dfu 2018/10/05 v1.2f UTF-8 support for inputenc
   defining Unicode char U+00A4 (decimal 164)
   defining Unicode char U+00A7 (decimal 167)
   defining Unicode char U+00AB (decimal 171)
   defining Unicode char U+00BB (decimal 187)
   defining Unicode char U+0131 (decimal 305)
   defining Unicode char U+0237 (decimal 567)
   defining Unicode char U+0400 (decimal 1024)
   defining Unicode char U+0401 (decimal 1025)
   defining Unicode char U+0402 (decimal 1026)
   defining Unicode char U+0403 (decimal 1027)
   defining Unicode char U+0404 (decimal 1028)
   defining Unicode char U+0405 (decimal 1029)
   defining Unicode char U+0406 (decimal 1030)
   defining Unicode char U+0407 (decimal 1031)
   defining Unicode char U+0408 (decimal 1032)
   defining Unicode char U+0409 (decimal 1033)
   defining Unicode char U+040A (decimal 1034)
   defining Unicode char U+040B (decimal 1035)
   defining Unicode char U+040C (decimal 1036)
   defining Unicode char U+040D (decimal 1037)
   defining Unicode char U+040E (decimal 1038)
   defining Unicode char U+040F (decimal 1039)
   defining Unicode char U+0410 (decimal 1040)
   defining Unicode char U+0411 (decimal 1041)
   defining Unicode char U+0412 (decimal 1042)
   defining Unicode char U+0413 (decimal 1043)
   defining Unicode char U+0414 (decimal 1044)
   defining Unicode char U+0415 (decimal 1045)
   defining Unicode char U+0416 (decimal 1046)
   defining Unicode char U+0417 (decimal 1047)
   defining Unicode char U+0418 (decimal 1048)
   defining Unicode char U+0419 (decimal 1049)
   defining Unicode char U+041A (decimal 1050)
   defining Unicode char U+041B (decimal 1051)
   defining Unicode char U+041C (decimal 1052)
   defining Unicode char U+041D (decimal 1053)
   defining Unicode char U+041E (decimal 1054)
   defining Unicode char U+041F (decimal 1055)
   defining Unicode char U+0420 (decimal 1056)
   defining Unicode char U+0421 (decimal 1057)
   defining Unicode char U+0422 (decimal 1058)
   defining Unicode char U+0423 (decimal 1059)
   defining Unicode char U+0424 (decimal 1060)
   defining Unicode char U+0425 (decimal 1061)
   defining Unicode char U+0426 (decimal 1062)
   defining Unicode char U+0427 (decimal 1063)
   defining Unicode char U+0428 (decimal 1064)
   defining Unicode char U+0429 (decimal 1065)
   defining Unicode char U+042A (decimal 1066)
   defining Unicode char U+042B (decimal 1067)
   defining Unicode char U+042C (decimal 1068)
   defining Unicode char U+042D (decimal 1069)
   defining Unicode char U+042E (decimal 1070)
   defining Unicode char U+042F (decimal 1071)
   defining Unicode char U+0430 (decimal 1072)
   defining Unicode char U+0431 (decimal 1073)
   defining Unicode char U+0432 (decimal 1074)
   defining Unicode char U+0433 (decimal 1075)
   defining Unicode char U+0434 (decimal 1076)
   defining Unicode char U+0435 (decimal 1077)
   defining Unicode char U+0436 (decimal 1078)
   defining Unicode char U+0437 (decimal 1079)
   defining Unicode char U+0438 (decimal 1080)
   defining Unicode char U+0439 (decimal 1081)
   defining Unicode char U+043A (decimal 1082)
   defining Unicode char U+043B (decimal 1083)
   defining Unicode char U+043C (decimal 1084)
   defining Unicode char U+043D (decimal 1085)
   defining Unicode char U+043E (decimal 1086)
   defining Unicode char U+043F (decimal 1087)
   defining Unicode char U+0440 (decimal 1088)
   defining Unicode char U+0441 (decimal 1089)
   defining Unicode char U+0442 (decimal 1090)
   defining Unicode char U+0443 (decimal 1091)
   defining Unicode char U+0444 (decimal 1092)
   defining Unicode char U+0445 (decimal 1093)
   defining Unicode char U+0446 (decimal 1094)
   defining Unicode char U+0447 (decimal 1095)
   defining Unicode char U+0448 (decimal 1096)
   defining Unicode char U+0449 (decimal 1097)
   defining Unicode char U+044A (decimal 1098)
   defining Unicode char U+044B (decimal 1099)
   defining Unicode char U+044C (decimal 1100)
   defining Unicode char U+044D (decimal 1101)
   defining Unicode char U+044E (decimal 1102)
   defining Unicode char U+044F (decimal 1103)
   defining Unicode char U+0450 (decimal 1104)
   defining Unicode char U+0451 (decimal 1105)
   defining Unicode char U+0452 (decimal 1106)
   defining Unicode char U+0453 (decimal 1107)
   defining Unicode char U+0454 (decimal 1108)
   defining Unicode char U+0455 (decimal 1109)
   defining Unicode char U+0456 (decimal 1110)
   defining Unicode char U+0457 (decimal 1111)
   defining Unicode char U+0458 (decimal 1112)
   defining Unicode char U+0459 (decimal 1113)
   defining Unicode char U+045A (decimal 1114)
   defining Unicode char U+045B (decimal 1115)
   defining Unicode char U+045C (decimal 1116)
   defining Unicode char U+045D (decimal 1117)
   defining Unicode char U+045E (decimal 1118)
   defining Unicode char U+045F (decimal 1119)
   defining Unicode char U+0490 (decimal 1168)
   defining Unicode char U+0491 (decimal 1169)
   defining Unicode char U+0492 (decimal 1170)
   defining Unicode char U+0493 (decimal 1171)
   defining Unicode char U+0496 (decimal 1174)
   defining Unicode char U+0497 (decimal 1175)
   defining Unicode char U+0498 (decimal 1176)
   defining Unicode char U+0499 (decimal 1177)
   defining Unicode char U+049A (decimal 1178)
   defining Unicode char U+049B (decimal 1179)
   defining Unicode char U+049C (decimal 1180)
   defining Unicode char U+049D (decimal 1181)
   defining Unicode char U+04A0 (decimal 1184)
   defining Unicode char U+04A1 (decimal 1185)
   defining Unicode char U+04A2 (decimal 1186)
   defining Unicode char U+04A3 (decimal 1187)
   defining Unicode char U+04A4 (decimal 1188)
   defining Unicode char U+04A5 (decimal 1189)
   defining Unicode char U+04AA (decimal 1194)
   defining Unicode char U+04AB (decimal 1195)
   defining Unicode char U+04AE (decimal 1198)
   defining Unicode char U+04AF (decimal 1199)
   defining Unicode char U+04B0 (decimal 1200)
   defining Unicode char U+04B1 (decimal 1201)
   defining Unicode char U+04B2 (decimal 1202)
   defining Unicode char U+04B3 (decimal 1203)
   defining Unicode char U+04B6 (decimal 1206)
   defining Unicode char U+04B7 (decimal 1207)
   defining Unicode char U+04B8 (decimal 1208)
   defining Unicode char U+04B9 (decimal 1209)
   defining Unicode char U+04BA (decimal 1210)
   defining Unicode char U+04BB (decimal 1211)
   defining Unicode char U+04C0 (decimal 1216)
   defining Unicode char U+04C1 (decimal 1217)
   defining Unicode char U+04C2 (decimal 1218)
   defining Unicode char U+04D0 (decimal 1232)
   defining Unicode char U+04D1 (decimal 1233)
   defining Unicode char U+04D2 (decimal 1234)
   defining Unicode char U+04D3 (decimal 1235)
   defining Unicode char U+04D4 (decimal 1236)
   defining Unicode char U+04D5 (decimal 1237)
   defining Unicode char U+04D6 (decimal 1238)
   defining Unicode char U+04D7 (decimal 1239)
   defining Unicode char U+04D8 (decimal 1240)
   defining Unicode char U+04D9 (decimal 1241)
   defining Unicode char U+04DA (decimal 1242)
   defining Unicode char U+04DB (decimal 1243)
   defining Unicode char U+04DC (decimal 1244)
   defining Unicode char U+04DD (decimal 1245)
   defining Unicode char U+04DE (decimal 1246)
   defining Unicode char U+04DF (decimal 1247)
   defining Unicode char U+04E2 (decimal 1250)
   defining Unicode char U+04E3 (decimal 1251)
   defining Unicode char U+04E4 (decimal 1252)
   defining Unicode char U+04E5 (decimal 1253)
   defining Unicode char U+04E6 (decimal 1254)
   defining Unicode char U+04E7 (decimal 1255)
   defining Unicode char U+04E8 (decimal 1256)
   defining Unicode char U+04E9 (decimal 1257)
   defining Unicode char U+04EC (decimal 1260)
   defining Unicode char U+04ED (decimal 1261)
   defining Unicode char U+04EE (decimal 1262)
   defining Unicode char U+04EF (decimal 1263)
   defining Unicode char U+04F0 (decimal 1264)
   defining Unicode char U+04F1 (decimal 1265)
   defining Unicode char U+04F2 (decimal 1266)
   defining Unicode char U+04F3 (decimal 1267)
   defining Unicode char U+04F4 (decimal 1268)
   defining Unicode char U+04F5 (decimal 1269)
   defining Unicode char U+04F8 (decimal 1272)
   defining Unicode char U+04F9 (decimal 1273)
   defining Unicode char U+200C (decimal 8204)
   defining Unicode char U+2013 (decimal 8211)
   defining Unicode char U+2014 (decimal 8212)
   defining Unicode char U+2018 (decimal 8216)
   defining Unicode char U+2019 (decimal 8217)
   defining Unicode char U+201C (decimal 8220)
   defining Unicode char U+201D (decimal 8221)
   defining Unicode char U+201E (decimal 8222)
   defining Unicode char U+2030 (decimal 8240)
   defining Unicode char U+2031 (decimal 8241)
   defining Unicode char U+2116 (decimal 8470)
   defining Unicode char U+2329 (decimal 9001)
   defining Unicode char U+232A (decimal 9002)
   defining Unicode char U+2423 (decimal 9251)
))
LaTeX Font Info:    Try loading font information for T2A+cmr on input line 105.


(/usr/share/texlive/texmf-dist/tex/latex/cyrillic/t2acmr.fd
File: t2acmr.fd 2001/08/11 v1.0a Computer Modern Cyrillic font definitions
))
(/usr/share/texlive/texmf-dist/tex/generic/babel/babel.sty
Package: babel 2018/11/13 3.27 The Babel package

(/usr/share/texlive/texmf-dist/tex/generic/babel/switch.def
File: switch.def 2018/11/13 3.27 Babel switching mechanism
)
(/usr/share/texlive/texmf-dist/tex/generic/babel-russian/russianb.ldf
Language: russian 2017/08/12 1.3j Russian support for the Babel system

(/usr/share/texlive/texmf-dist/tex/generic/babel/babel.def
File: babel.def 2018/11/13 3.27 Babel common definitions
\babel@savecnt=\count128
\U@D=\dimen151

(/usr/share/texlive/texmf-dist/tex/generic/babel/txtbabel.def)
\bbl@dirlevel=\count129
)
Package babel Info: Making " an active character on input line 120.
Package babel Info: Default for \cyrdash is provided on input line 157.
))
(/usr/share/texlive/texmf-dist/tex/latex/base/fontenc.sty
Package: fontenc 2018/08/11 v2.0j Standard LaTeX package

(/usr/share/texlive/texmf-dist/tex/latex/base/t1enc.def
File: t1enc.def 2018/08/11 v2.0j Standard LaTeX file
LaTeX Font Info:    Redeclaring font encoding T1 on input line 48.
))
(/usr/share/texlive/texmf-dist/tex/latex/psnfss/helvet.sty
Package: helvet 2005/04/12 PSNFSS-v9.2a (WaS) 
)
(/usr/share/texlive/texmf-dist/tex/latex/psnfss/courier.sty
Package: courier 2005/04/12 PSNFSS-v9.2a (WaS) 
)
(/usr/share/texlive/texmf-dist/tex/latex/sectsty/sectsty.sty
Package: sectsty 2002/02/25 v2.0.2 Commands to change all sectional heading sty
les
)
(/usr/share/texlive/texmf-dist/tex/latex/geometry/geometry.sty
Package: geometry 2018/04/16 v5.8 Page Geometry

(/usr/share/texlive/texmf-dist/tex/generic/oberdiek/ifvtex.sty
Package: ifvtex 2016/05/16 v1.6 Detect VTeX and its facilities (HO)
Package ifvtex Info: VTeX not detected.
)
\Gm@cnth=\count130
\Gm@cntv=\count131
\c@Gm@tempcnt=\count132
\Gm@bindingoffset=\dimen152
\Gm@wd@mp=\dimen153
\Gm@odd@mp=\dimen154
\Gm@even@mp=\dimen155
\Gm@layoutwidth=\dimen156
\Gm@layoutheight=\dimen157
\Gm@layouthoffset=\dimen158
\Gm@layoutvoffset=\dimen159
\Gm@dimlist=\toks31
)
(/usr/share/texlive/texmf-dist/tex/latex/fancyhdr/fancyhdr.sty
Package: fancyhdr 2019/01/31 v3.10 Extensive control of page headers and footer
s
\f@nch@headwidth=\skip75
\f@nch@O@elh=\skip76
\f@nch@O@erh=\skip77
\f@nch@O@olh=\skip78
\f@nch@O@orh=\skip79
\f@nch@O@elf=\skip80
\f@nch@O@erf=\skip81
\f@nch@O@olf=\skip82
\f@nch@O@orf=\skip83
)
(/usr/share/texlive/texmf-dist/tex/latex/natbib/natbib.sty
Package: natbib 2010/09/13 8.31b (PWD, AO)
\bibhang=\skip84
\bibsep=\skip85
LaTeX Info: Redefining \cite on input line 694.
\c@NAT@ctr=\count133
)
(/usr/share/texlive/texmf-dist/tex/latex/tocloft/tocloft.sty
Package: tocloft 2017/08/31 v2.3i parameterised ToC, etc., typesetting
Package tocloft Info: The document has chapter divisions on input line 51.
\cftparskip=\skip86
\cftbeforetoctitleskip=\skip87
\cftaftertoctitleskip=\skip88
\cftbeforepartskip=\skip89
\cftpartnumwidth=\skip90
\cftpartindent=\skip91
\cftbeforechapskip=\skip92
\cftchapindent=\skip93
\cftchapnumwidth=\skip94
\cftbeforesecskip=\skip95
\cftsecindent=\skip96
\cftsecnumwidth=\skip97
\cftbeforesubsecskip=\skip98
\cftsubsecindent=\skip99
\cftsubsecnumwidth=\skip100
\cftbeforesubsubsecskip=\skip101
\cftsubsubsecindent=\skip102
\cftsubsubsecnumwidth=\skip103
\cftbeforeparaskip=\skip104
\cftparaindent=\skip105
\cftparanumwidth=\skip106
\cftbeforesubparaskip=\skip107
\cftsubparaindent=\skip108
\cftsubparanumwidth=\skip109
\cftbeforeloftitleskip=\skip110
\cftafterloftitleskip=\skip111
\cftbeforefigskip=\skip112
\cftfigindent=\skip113
\cftfignumwidth=\skip114
\c@lofdepth=\count134
\c@lotdepth=\count135
\cftbeforelottitleskip=\skip115
\cftafterlottitleskip=\skip116
\cftbeforetabskip=\skip117
\cfttabindent=\skip118
\cfttabnumwidth=\skip119
)
\@indexfile=\write4
\openout4 = `refman.idx'.


Writing index file refman.idx
(/usr/share/texlive/texmf-dist/tex/latex/newunicodechar/newunicodechar.sty
Package: newunicodechar 2018/04/08 v1.2 Defining Unicode characters
)

Package newunicodechar Warning: Redefining Unicode character on input line 120.



Package newunicodechar Warning: Redefining Unicode character on input line 121.


(/usr/share/texlive/texmf-dist/tex/latex/hyperref/hyperref.sty
Package: hyperref 2018/11/30 v6.88e Hypertext links for LaTeX

(/usr/share/texlive/texmf-dist/tex/generic/oberdiek/hobsub-hyperref.sty
Package: hobsub-hyperref 2016/05/16 v1.14 Bundle oberdiek, subset hyperref (HO)


(/usr/share/texlive/texmf-dist/tex/generic/oberdiek/hobsub-generic.sty
Package: hobsub-generic 2016/05/16 v1.14 Bundle oberdiek, subset generic (HO)
Package: hobsub 2016/05/16 v1.14 Construct package bundles (HO)
Package: infwarerr 2016/05/16 v1.4 Providing info/warning/error messages (HO)
Package: ltxcmds 2016/05/16 v1.23 LaTeX kernel commands for general use (HO)
Package: ifluatex 2016/05/16 v1.4 Provides the ifluatex switch (HO)
Package ifluatex Info: LuaTeX not detected.
Package hobsub Info: Skipping package `ifvtex' (already loaded).
Package: intcalc 2016/05/16 v1.2 Expandable calculations with integers (HO)
Package hobsub Info: Skipping package `ifpdf' (already loaded).
Package: etexcmds 2016/05/16 v1.6 Avoid name clashes with e-TeX commands (HO)
Package: kvsetkeys 2016/05/16 v1.17 Key value parser (HO)
Package: kvdefinekeys 2016/05/16 v1.4 Define keys (HO)
Package: pdftexcmds 2018/09/10 v0.29 Utility functions of pdfTeX for LuaTeX (HO
)
Package pdftexcmds Info: LuaTeX not detected.
Package pdftexcmds Info: \pdf@primitive is available.
Package pdftexcmds Info: \pdf@ifprimitive is available.
Package pdftexcmds Info: \pdfdraftmode found.
Package: pdfescape 2016/05/16 v1.14 Implements pdfTeX's escape features (HO)
Package: bigintcalc 2016/05/16 v1.4 Expandable calculations on big integers (HO
)
Package: bitset 2016/05/16 v1.2 Handle bit-vector datatype (HO)
Package: uniquecounter 2016/05/16 v1.3 Provide unlimited unique counter (HO)
)
Package hobsub Info: Skipping package `hobsub' (already loaded).
Package: letltxmacro 2016/05/16 v1.5 Let assignment for LaTeX macros (HO)
Package: hopatch 2016/05/16 v1.3 Wrapper for package hooks (HO)
Package: xcolor-patch 2016/05/16 xcolor patch
Package: atveryend 2016/05/16 v1.9 Hooks at the very end of document (HO)
Package: atbegshi 2016/06/09 v1.18 At begin shipout hook (HO)
Package: refcount 2016/05/16 v3.5 Data extraction from label references (HO)
Package: hycolor 2016/05/16 v1.8 Color options for hyperref/bookmark (HO)
)
(/usr/share/texlive/texmf-dist/tex/latex/oberdiek/auxhook.sty
Package: auxhook 2016/05/16 v1.4 Hooks for auxiliary files (HO)
)
(/usr/share/texlive/texmf-dist/tex/latex/oberdiek/kvoptions.sty
Package: kvoptions 2016/05/16 v3.12 Key value format for package options (HO)
)
\@linkdim=\dimen160
\Hy@linkcounter=\count136
\Hy@pagecounter=\count137

(/usr/share/texlive/texmf-dist/tex/latex/hyperref/pd1enc.def
File: pd1enc.def 2018/11/30 v6.88e Hyperref: PDFDocEncoding definition (HO)
Now handling font encoding PD1 ...
... no UTF-8 mapping file for font encoding PD1
)
\Hy@SavedSpaceFactor=\count138
Package hyperref Info: Option `unicode' set `true' on input line 3475.

(/usr/share/texlive/texmf-dist/tex/latex/hyperref/puenc.def
File: puenc.def 2018/11/30 v6.88e Hyperref: PDF Unicode definition (HO)
Now handling font encoding PU ...
... no UTF-8 mapping file for font encoding PU
)
(/usr/share/texlive/texmf-dist/tex/latex/latexconfig/hyperref.cfg
File: hyperref.cfg 2002/06/06 v1.2 hyperref configuration of TeXLive
)
Package hyperref Info: Hyper figures OFF on input line 4519.
Package hyperref Info: Link nesting OFF on input line 4524.
Package hyperref Info: Hyper index ON on input line 4527.
Package hyperref Info: Plain pages OFF on input line 4534.
Package hyperref Info: Backreferencing ON on input line 4537.
Package hyperref Info: Implicit mode ON; LaTeX internals redefined.
Package hyperref Info: Bookmarks ON on input line 4772.

(/usr/share/texlive/texmf-dist/tex/latex/hyperref/backref.sty
Package: backref 2016/05/21 v1.39 Bibliographical back referencing

(/usr/share/texlive/texmf-dist/tex/latex/oberdiek/rerunfilecheck.sty
Package: rerunfilecheck 2016/05/16 v1.8 Rerun checks for auxiliary files (HO)
Package uniquecounter Info: New unique counter `rerunfilecheck' on input line 2
82.
))
\c@Hy@tempcnt=\count139

(/usr/share/texlive/texmf-dist/tex/latex/url/url.sty
\Urlmuskip=\muskip10
Package: url 2013/09/16  ver 3.4  Verb mode for urls, etc.
)
LaTeX Info: Redefining \url on input line 5125.
\XeTeXLinkMargin=\dimen161
\Fld@menulength=\count140
\Field@Width=\dimen162
\Fld@charsize=\dimen163
Package hyperref Info: Hyper figures OFF on input line 6380.
Package hyperref Info: Link nesting OFF on input line 6385.
Package hyperref Info: Hyper index ON on input line 6388.
Package hyperref Info: backreferencing ON on input line 6393.
Package hyperref Info: Link coloring OFF on input line 6400.
Package hyperref Info: Link coloring with OCG OFF on input line 6405.
Package hyperref Info: PDF/A mode OFF on input line 6410.
LaTeX Info: Redefining \ref on input line 6450.
LaTeX Info: Redefining \pageref on input line 6454.
\Hy@abspage=\count141
\c@Item=\count142
\c@Hfootnote=\count143
)
Package hyperref Info: Driver: hpdftex.

(/usr/share/texlive/texmf-dist/tex/latex/hyperref/hpdftex.def
File: hpdftex.def 2018/11/30 v6.88e Hyperref driver for pdfTeX
\Fld@listcount=\count144
\c@bookmark@seq@number=\count145
\Hy@SectionHShift=\skip120
)
Package hyperref Info: Option `colorlinks' set `true' on input line 139.
Package hyperref Info: Option `unicode' set `true' on input line 139.

(/usr/share/texlive/texmf-dist/tex/latex/caption/caption.sty
Package: caption 2018/10/06 v3.3-154 Customizing captions (AR)

(/usr/share/texlive/texmf-dist/tex/latex/caption/caption3.sty
Package: caption3 2018/09/12 v1.8c caption3 kernel (AR)
Package caption3 Info: TeX engine: e-TeX on input line 64.
\captionmargin=\dimen164
\captionmargin@=\dimen165
\captionwidth=\dimen166
\caption@tempdima=\dimen167
\caption@indent=\dimen168
\caption@parindent=\dimen169
\caption@hangindent=\dimen170
)
\c@caption@flags=\count146
\c@ContinuedFloat=\count147
Package caption Info: float package is loaded.
Package caption Info: hyperref package is loaded.
Package caption Info: longtable package is loaded.

(/usr/share/texlive/texmf-dist/tex/latex/caption/ltcaption.sty
Package: ltcaption 2018/08/26 v1.4-95 longtable captions (AR)
))
(/usr/share/texlive/texmf-dist/tex/latex/etoc/etoc.sty
Package: etoc 2018/07/04 v1.08p Completely customisable TOCs (JFB)
\Etoc@toctoks=\toks32
\c@etoc@tocid=\count148
\c@etoc@tocdepth=\count149
\etoc@framed@titlebox=\box74
\etoc@framed@contentsbox=\box75
) (./refman.aux)
\openout1 = `refman.aux'.

LaTeX Font Info:    Checking defaults for OML/cmm/m/it on input line 154.
LaTeX Font Info:    ... okay on input line 154.
LaTeX Font Info:    Checking defaults for T1/cmr/m/n on input line 154.
LaTeX Font Info:    ... okay on input line 154.
LaTeX Font Info:    Checking defaults for OT1/cmr/m/n on input line 154.
LaTeX Font Info:    ... okay on input line 154.
LaTeX Font Info:    Checking defaults for OMS/cmsy/m/n on input line 154.
LaTeX Font Info:    ... okay on input line 154.
LaTeX Font Info:    Checking defaults for OMX/cmex/m/n on input line 154.
LaTeX Font Info:    ... okay on input line 154.
LaTeX Font Info:    Checking defaults for U/cmr/m/n on input line 154.
LaTeX Font Info:    ... okay on input line 154.
LaTeX Font Info:    Checking defaults for TS1/cmr/m/n on input line 154.
LaTeX Font Info:    Try loading font information for TS1+cmr on input line 154.


(/usr/share/texlive/texmf-dist/tex/latex/base/ts1cmr.fd
File: ts1cmr.fd 2014/09/29 v2.5h Standard LaTeX font definitions
)
LaTeX Font Info:    ... okay on input line 154.
LaTeX Font Info:    Checking defaults for T2A/cmr/m/n on input line 154.
LaTeX Font Info:    ... okay on input line 154.
LaTeX Font Info:    Checking defaults for PD1/pdf/m/n on input line 154.
LaTeX Font Info:    ... okay on input line 154.
LaTeX Font Info:    Checking defaults for PU/pdf/m/n on input line 154.
LaTeX Font Info:    ... okay on input line 154.
LaTeX Font Info:    Try loading font information for T1+phv on input line 154.

(/usr/share/texlive/texmf-dist/tex/latex/psnfss/t1phv.fd
File: t1phv.fd 2001/06/04 scalable font definitions for T1/phv.
)
LaTeX Font Info:    Font shape `T1/phv/m/n' will be
(Font)              scaled to size 8.99994pt on input line 154.

(/usr/share/texlive/texmf-dist/tex/context/base/mkii/supp-pdf.mkii
[Loading MPS to PDF converter (version 2006.09.02).]
\scratchcounter=\count150
\scratchdimen=\dimen171
\scratchbox=\box76
\nofMPsegments=\count151
\nofMParguments=\count152
\everyMPshowfont=\toks33
\MPscratchCnt=\count153
\MPscratchDim=\dimen172
\MPnumerator=\count154
\makeMPintoPDFobject=\count155
\everyMPtoPDFconversion=\toks34
) (/usr/share/texlive/texmf-dist/tex/latex/oberdiek/epstopdf-base.sty
Package: epstopdf-base 2016/05/15 v2.6 Base part for package epstopdf

(/usr/share/texlive/texmf-dist/tex/latex/oberdiek/grfext.sty
Package: grfext 2016/05/16 v1.2 Manage graphics extensions (HO)
)
Package epstopdf-base Info: Redefining graphics rule for `.eps' on input line 4
38.
Package grfext Info: Graphics extension search list:
(grfext)             [.pdf,.png,.jpg,.mps,.jpeg,.jbig2,.jb2,.PDF,.PNG,.JPG,.JPE
G,.JBIG2,.JB2,.eps]
(grfext)             \AppendGraphicsExtensions on input line 456.

(/usr/share/texlive/texmf-dist/tex/latex/latexconfig/epstopdf-sys.cfg
File: epstopdf-sys.cfg 2010/07/13 v1.3 Configuration of (r)epstopdf for TeX Liv
e
))
LaTeX Font Info:    Try loading font information for T2A+phv on input line 154.

LaTeX Font Info:    No file T2Aphv.fd. on input line 154.


LaTeX Font Warning: Font shape `T2A/phv/m/n' undefined
(Font)              using `T2A/cmr/m/n' instead on input line 154.

*geometry* driver: auto-detecting
*geometry* detected driver: pdftex
*geometry* verbose mode - [ preamble ] result:
* driver: pdftex
* paper: a4paper
* layout: <same size as paper>
* layoutoffset:(h,v)=(0.0pt,0.0pt)
* modes: twoside 
* h-part:(L,W,R)=(71.13188pt, 455.24411pt, 71.13188pt)
* v-part:(T,H,B)=(71.13188pt, 702.78308pt, 71.13188pt)
* \paperwidth=597.50787pt
* \paperheight=845.04684pt
* \textwidth=455.24411pt
* \textheight=702.78308pt
* \oddsidemargin=-1.1381pt
* \evensidemargin=-1.1381pt
* \topmargin=-31.2056pt
* \headheight=12.0pt
* \headsep=18.06749pt
* \topskip=10.0pt
* \footskip=25.29494pt
* \marginparwidth=125.0pt
* \marginparsep=7.0pt
* \columnsep=10.0pt
* \skip\footins=9.0pt plus 4.0pt minus 2.0pt
* \hoffset=0.0pt
* \voffset=0.0pt
* \mag=1000
* \@twocolumnfalse
* \@twosidetrue
* \@mparswitchtrue
* \@reversemarginfalse
* (1in=72.27pt=25.4mm, 1cm=28.453pt)

\AtBeginShipoutBox=\box77
Package backref Info: ** backref set up for natbib ** on input line 154.
Package hyperref Info: Link coloring ON on input line 154.
(/usr/share/texlive/texmf-dist/tex/latex/hyperref/nameref.sty
Package: nameref 2016/05/21 v2.44 Cross-referencing by name of section

(/usr/share/texlive/texmf-dist/tex/generic/oberdiek/gettitlestring.sty
Package: gettitlestring 2016/05/16 v1.5 Cleanup title references (HO)
)
\c@section@level=\count156
)
LaTeX Info: Redefining \ref on input line 154.
LaTeX Info: Redefining \pageref on input line 154.
LaTeX Info: Redefining \nameref on input line 154.

(./refman.out) (./refman.out)
\@outlinefile=\write5
\openout5 = `refman.out'.

Package caption Info: Begin \AtBeginDocument code.
Package caption Info: End \AtBeginDocument code.
\Etoc@tf=\read3
Package hyperref Info: Option `pageanchor' set `false' on input line 160.
Package hyperref Info: Option `bookmarksnumbered' set `true' on input line 160.

Package hyperref Info: Option `unicode' set `true' on input line 160.
 [1


{/var/lib/texmf/fonts/map/pdftex/updmap/pdftex.map}] [2

]
\tf@toc=\write6
\openout6 = `refman.toc'.



LaTeX Font Warning: Font shape `T2A/phv/bx/n' undefined
(Font)              using `T2A/phv/m/n' instead on input line 173.

LaTeX Font Info:    Try loading font information for U+msa on input line 173.
(/usr/share/texlive/texmf-dist/tex/latex/amsfonts/umsa.fd
File: umsa.fd 2013/01/14 v3.01 AMS symbols A
)
LaTeX Font Info:    Try loading font information for U+msb on input line 173.

(/usr/share/texlive/texmf-dist/tex/latex/amsfonts/umsb.fd
File: umsb.fd 2013/01/14 v3.01 AMS symbols B
)
LaTeX Font Info:    Try loading font information for U+wasy on input line 173.

(/usr/share/texlive/texmf-dist/tex/latex/wasysym/uwasy.fd
File: uwasy.fd 2003/10/30 v2.0 Wasy-2 symbol font definitions
) [1] [2] [3] [4]
[5] [6] [7] [8] [9] [10] [11] [12] [13] [14] [15] [16] [17] [18]
Package hyperref Info: Option `pageanchor' set `true' on input line 175.

{\cyrillictext \CYRG \cyrl \cyra \cyrv \cyra } 1.

LaTeX Font Warning: Font shape `T2A/phv/bc/n' undefined
(Font)              using `T2A/phv/m/n' instead on input line 178.

(./annotated.tex [1


])
LaTeX Font Info:    Font shape `T1/phv/bx/n' in size <10> not available
(Font)              Font shape `T1/phv/b/n' tried instead on input line 180.
LaTeX Font Info:    Font shape `T1/phv/b/n' will be
(Font)              scaled to size 8.99994pt on input line 180.
 [2]
{\cyrillictext \CYRG \cyrl \cyra \cyrv \cyra } 2.
(./files.tex [3

]) [4]
{\cyrillictext \CYRG \cyrl \cyra \cyrv \cyra } 3.
(./structadc__config__data.tex
LaTeX Font Info:    Try loading font information for T2A+pcr on input line 10.
LaTeX Font Info:    No file T2Apcr.fd. on input line 10.


LaTeX Font Warning: Font shape `T2A/pcr/m/n' undefined
(Font)              using `T2A/cmr/m/n' instead on input line 10.

 <./structadc__config__data__coll__graph.pdf

pdfTeX warning: pdflatex (file ./structadc__config__data__coll__graph.pdf): PDF
 inclusion: multiple pdfs with page group included in a single page
>
<structadc__config__data__coll__graph.pdf, id=4036, 316.18124pt x 234.8775pt>
File: structadc__config__data__coll__graph.pdf Graphic file (type pdf)
<use structadc__config__data__coll__graph.pdf>
Package pdftex.def Info: structadc__config__data__coll__graph.pdf  used on inpu
t line 18.
(pdftex.def)             Requested size: 315.0pt x 234.01677pt.
LaTeX Font Info:    Try loading font information for TS1+phv on input line 24.
 (/usr/share/texlive/texmf-dist/tex/latex/psnfss/ts1phv.fd
File: ts1phv.fd 2001/06/04 scalable font definitions for TS1/phv.
)
LaTeX Font Info:    Font shape `TS1/phv/m/n' will be
(Font)              scaled to size 8.99994pt on input line 24.


LaTeX Font Warning: Font shape `T2A/phv/m/it' undefined
(Font)              using `T2A/phv/m/n' instead on input line 25.


Underfull \hbox (badness 10000) in paragraph at lines 31--32

 []

[5

]
Underfull \hbox (badness 10000) in paragraph at lines 49--50

 []

) (./structai__oper__mode__struct.tex [6]) (./structbus__defect__struct.tex
[7]) (./structcmd__header__struct.tex [8]) (./structcmd__struct.tex <./structcm
d__struct__coll__graph.pdf

pdfTeX warning: pdflatex (file ./structcmd__struct__coll__graph.pdf): PDF inclu
sion: multiple pdfs with page group included in a single page
>
<structcmd__struct__coll__graph.pdf, id=4114, 190.7125pt x 167.62625pt>
File: structcmd__struct__coll__graph.pdf Graphic file (type pdf)
<use structcmd__struct__coll__graph.pdf>
Package pdftex.def Info: structcmd__struct__coll__graph.pdf  used on input line
 18.
(pdftex.def)             Requested size: 190.0pt x 167.00684pt.
 [9]) (./structcommon__register__space__ext__ram.tex [10] <./structcommon__regi
ster__space__ext__ram__coll__graph.pdf>
<structcommon__register__space__ext__ram__coll__graph.pdf, id=4145, 734.745pt x
 344.28625pt>
File: structcommon__register__space__ext__ram__coll__graph.pdf Graphic file (ty
pe pdf)
<use structcommon__register__space__ext__ram__coll__graph.pdf>
Package pdftex.def Info: structcommon__register__space__ext__ram__coll__graph.p
df  used on input line 18.
(pdftex.def)             Requested size: 350.0pt x 164.0052pt.

Underfull \hbox (badness 10000) in paragraph at lines 25--26

 []

[11] [12] [13] [14]
Underfull \hbox (badness 10000) in paragraph at lines 247--248

 []

) (./structcommon__register__space__ext__rom.tex <./structcommon__register__spa
ce__ext__rom__coll__graph.pdf

pdfTeX warning: pdflatex (file ./structcommon__register__space__ext__rom__coll_
_graph.pdf): PDF inclusion: multiple pdfs with page group included in a single 
page
>
<structcommon__register__space__ext__rom__coll__graph.pdf, id=4243, 231.86626pt
 x 178.6675pt>
File: structcommon__register__space__ext__rom__coll__graph.pdf Graphic file (ty
pe pdf)
<use structcommon__register__space__ext__rom__coll__graph.pdf>
Package pdftex.def Info: structcommon__register__space__ext__rom__coll__graph.p
df  used on input line 18.
(pdftex.def)             Requested size: 231.0pt x 178.00456pt.
 [15] [16] [17]) (./structconfig__struct.tex [18] [19])
(./structdevice__address__struct.tex [20]) (./structdevice__type__struct.tex
[21] [22]) (./structheap__struct.tex [23]) (./structlist__head__struct.tex <./s
tructlist__head__struct__coll__graph.pdf

pdfTeX warning: pdflatex (file ./structlist__head__struct__coll__graph.pdf): PD
F inclusion: multiple pdfs with page group included in a single page
>
<structlist__head__struct__coll__graph.pdf, id=4369, 217.81375pt x 102.3825pt>
File: structlist__head__struct__coll__graph.pdf Graphic file (type pdf)
<use structlist__head__struct__coll__graph.pdf>
Package pdftex.def Info: structlist__head__struct__coll__graph.pdf  used on inp
ut line 18.
(pdftex.def)             Requested size: 217.0pt x 101.9995pt.
 [24]) (./structmpa__register__space__ext__ram.tex <./structmpa__register__spac
e__ext__ram__coll__graph.pdf>
<structmpa__register__space__ext__ram__coll__graph.pdf, id=4395, 208.78pt x 256
.96pt>
File: structmpa__register__space__ext__ram__coll__graph.pdf Graphic file (type 
pdf)
<use structmpa__register__space__ext__ram__coll__graph.pdf>
Package pdftex.def Info: structmpa__register__space__ext__ram__coll__graph.pdf 
 used on input line 18.
(pdftex.def)             Requested size: 208.0pt x 256.01442pt.

Underfull \hbox (badness 10000) in paragraph at lines 27--28

 []

[25]
Underfull \hbox (badness 10000) in paragraph at lines 91--92

 []

[26]) (./structmpa__register__space__ext__rom.tex <./structmpa__register__space
__ext__rom__coll__graph.pdf

pdfTeX warning: pdflatex (file ./structmpa__register__space__ext__rom__coll__gr
aph.pdf): PDF inclusion: multiple pdfs with page group included in a single pag
e
>
<structmpa__register__space__ext__rom__coll__graph.pdf, id=4437, 208.78pt x 178
.6675pt>
File: structmpa__register__space__ext__rom__coll__graph.pdf Graphic file (type 
pdf)
<use structmpa__register__space__ext__rom__coll__graph.pdf>
Package pdftex.def Info: structmpa__register__space__ext__rom__coll__graph.pdf 
 used on input line 18.
(pdftex.def)             Requested size: 208.0pt x 178.01003pt.
 [27] [28] [29]) (./structpacket__header__struct.tex [30] [31])
(./structpacket__tail__Struct.tex [32]) (./structplc__sof__ver__struct.tex
[33] [34]) (./structpower__failure__struct.tex [35])
(./structram__data__struct.tex <./structram__data__struct__coll__graph.pdf

pdfTeX warning: pdflatex (file ./structram__data__struct__coll__graph.pdf): PDF
 inclusion: multiple pdfs with page group included in a single page
>
<structram__data__struct__coll__graph.pdf, id=4588, 1004.75375pt x 547.04375pt>

File: structram__data__struct__coll__graph.pdf Graphic file (type pdf)
<use structram__data__struct__coll__graph.pdf>
Package pdftex.def Info: structram__data__struct__coll__graph.pdf  used on inpu
t line 18.
(pdftex.def)             Requested size: 350.0pt x 190.55833pt.
 [36] [37] [38] [39]) (./structrange__start__struct.tex [40])
(./structrom__data__struct.tex <./structrom__data__struct__coll__graph.pdf

pdfTeX warning: pdflatex (file ./structrom__data__struct__coll__graph.pdf): PDF
 inclusion: multiple pdfs with page group included in a single page
>
<structrom__data__struct__coll__graph.pdf, id=4702, 406.51875pt x 256.96pt>
File: structrom__data__struct__coll__graph.pdf Graphic file (type pdf)
<use structrom__data__struct__coll__graph.pdf>
Package pdftex.def Info: structrom__data__struct__coll__graph.pdf  used on inpu
t line 18.
(pdftex.def)             Requested size: 350.0pt x 221.24399pt.
 [41] [42]) (./structself__diag__struct.tex
Underfull \hbox (badness 10000) in paragraph at lines 24--25

 []

[43]
Underfull \hbox (badness 10000) in paragraph at lines 100--101

 []

[44]) (./structservice__byte__struct__pm.tex [45] [46])
(./structservice__byte__struct__um.tex [47]) (./structspi__config__data.tex <./
structspi__config__data__coll__graph.pdf

pdfTeX warning: pdflatex (file ./structspi__config__data__coll__graph.pdf): PDF
 inclusion: multiple pdfs with page group included in a single page
>
<structspi__config__data__coll__graph.pdf, id=4802, 191.71625pt x 167.62625pt>
File: structspi__config__data__coll__graph.pdf Graphic file (type pdf)
<use structspi__config__data__coll__graph.pdf>
Package pdftex.def Info: structspi__config__data__coll__graph.pdf  used on inpu
t line 18.
(pdftex.def)             Requested size: 191.0pt x 167.0094pt.
 [48] [49]) (./structspi__dma__params.tex [50] [51])
(./structstart__struct__ext__ram.tex <./structstart__struct__ext__ram__coll__gr
aph.pdf

pdfTeX warning: pdflatex (file ./structstart__struct__ext__ram__coll__graph.pdf
): PDF inclusion: multiple pdfs with page group included in a single page
>
<structstart__struct__ext__ram__coll__graph.pdf, id=4869, 251.94125pt x 167.626
25pt>
File: structstart__struct__ext__ram__coll__graph.pdf Graphic file (type pdf)
<use structstart__struct__ext__ram__coll__graph.pdf>
Package pdftex.def Info: structstart__struct__ext__ram__coll__graph.pdf  used o
n input line 18.
(pdftex.def)             Requested size: 251.0pt x 167.00172pt.
 [52]) (./structtimer__config__struct.tex [53] [54])
(./structtimer__irq__list__struct.tex <./structtimer__irq__list__struct__coll__
graph.pdf

pdfTeX warning: pdflatex (file ./structtimer__irq__list__struct__coll__graph.pd
f): PDF inclusion: multiple pdfs with page group included in a single page
>
<structtimer__irq__list__struct__coll__graph.pdf, id=4923, 227.85126pt x 169.63
374pt>
File: structtimer__irq__list__struct__coll__graph.pdf Graphic file (type pdf)
<use structtimer__irq__list__struct__coll__graph.pdf>
Package pdftex.def Info: structtimer__irq__list__struct__coll__graph.pdf  used 
on input line 18.
(pdftex.def)             Requested size: 227.0pt x 169.00433pt.
 [55]
Underfull \hbox (badness 10000) in paragraph at lines 25--26

 []

[56]
Underfull \hbox (badness 10000) in paragraph at lines 67--68

 []

) (./structtx__rx__packet__struct.tex <./structtx__rx__packet__struct__coll__gr
aph.pdf>
<structtx__rx__packet__struct__coll__graph.pdf, id=4953, 434.62375pt x 234.8775
pt>
File: structtx__rx__packet__struct__coll__graph.pdf Graphic file (type pdf)
<use structtx__rx__packet__struct__coll__graph.pdf>
Package pdftex.def Info: structtx__rx__packet__struct__coll__graph.pdf  used on
 input line 18.
(pdftex.def)             Requested size: 350.0pt x 189.15663pt.
 [57]) (./structuart__config__data.tex <./structuart__config__data__coll__graph
.pdf>
<structuart__config__data__coll__graph.pdf, id=4979, 332.24126pt x 234.8775pt>
File: structuart__config__data__coll__graph.pdf Graphic file (type pdf)
<use structuart__config__data__coll__graph.pdf>
Package pdftex.def Info: structuart__config__data__coll__graph.pdf  used on inp
ut line 18.
(pdftex.def)             Requested size: 331.0pt x 234.01318pt.
 [58]
Underfull \hbox (badness 10000) in paragraph at lines 37--38

 []

[59] [60]
Underfull \hbox (badness 10000) in paragraph at lines 129--130

 []

) (./structuart__dma__params.tex [61]) (./structuart__timeouts.tex <./structuar
t__timeouts__coll__graph.pdf

pdfTeX warning: pdflatex (file ./structuart__timeouts__coll__graph.pdf): PDF in
clusion: multiple pdfs with page group included in a single page
>
<structuart__timeouts__coll__graph.pdf, id=5055, 220.825pt x 167.62625pt>
File: structuart__timeouts__coll__graph.pdf Graphic file (type pdf)
<use structuart__timeouts__coll__graph.pdf>
Package pdftex.def Info: structuart__timeouts__coll__graph.pdf  used on input l
ine 18.
(pdftex.def)             Requested size: 220.0pt x 167.00684pt.
 [62] [63]) [64]
{\cyrillictext \CYRG \cyrl \cyra \cyrv \cyra } 4.
(./1273pv19t_8c.tex <./1273pv19t_8c__incl.pdf

pdfTeX warning: pdflatex (file ./1273pv19t_8c__incl.pdf): PDF inclusion: multip
le pdfs with page group included in a single page
>
<1273pv19t_8c__incl.pdf, id=5104, 1181.41376pt x 493.845pt>
File: 1273pv19t_8c__incl.pdf Graphic file (type pdf)
<use 1273pv19t_8c__incl.pdf>
Package pdftex.def Info: 1273pv19t_8c__incl.pdf  used on input line 16.
(pdftex.def)             Requested size: 350.0pt x 146.3009pt.
 [65

]

LaTeX Font Warning: Font shape `T2A/pcr/m/it' undefined
(Font)              using `T2A/pcr/m/n' instead on input line 49.


Overfull \hbox (81.22905pt too wide) in paragraph at lines 59--59
\T2A/phv/m/it/7 RST_CLK_PCLKcmd(RST_CLK_PCLK_RST_CLK|RST_CLK_PCLK_PORTD|RST_CLK
_PCLK_PORTE|RST_CLK_PCLK_PORTC, 
 []

[66] [67]) (./1273pv19t_8h.tex <./1273pv19t_8h__incl.pdf

pdfTeX warning: pdflatex (file ./1273pv19t_8h__incl.pdf): PDF inclusion: multip
le pdfs with page group included in a single page
>
<1273pv19t_8h__incl.pdf, id=5238, 1181.41376pt x 325.215pt>
File: 1273pv19t_8h__incl.pdf Graphic file (type pdf)
<use 1273pv19t_8h__incl.pdf>
Package pdftex.def Info: 1273pv19t_8h__incl.pdf  used on input line 15.
(pdftex.def)             Requested size: 350.0pt x 96.3445pt.
 [68] <./1273pv19t_8h__dep__incl.pdf

pdfTeX warning: pdflatex (file ./1273pv19t_8h__dep__incl.pdf): PDF inclusion: m
ultiple pdfs with page group included in a single page
>
<1273pv19t_8h__dep__incl.pdf, id=5252, 387.4475pt x 212.795pt>
File: 1273pv19t_8h__dep__incl.pdf Graphic file (type pdf)
<use 1273pv19t_8h__dep__incl.pdf>
Package pdftex.def Info: 1273pv19t_8h__dep__incl.pdf  used on input line 23.
(pdftex.def)             Requested size: 350.0pt x 192.2313pt.
 [69] [70] [71] [72]) (./clock_8c.tex <./clock_8c__incl.pdf

pdfTeX warning: pdflatex (file ./clock_8c__incl.pdf): PDF inclusion: multiple p
dfs with page group included in a single page
>
<clock_8c__incl.pdf, id=5363, 1181.41376pt x 269.005pt>
File: clock_8c__incl.pdf Graphic file (type pdf)
<use clock_8c__incl.pdf>
Package pdftex.def Info: clock_8c__incl.pdf  used on input line 13.
(pdftex.def)             Requested size: 350.0pt x 79.69237pt.
 [73]) (./clock_8h.tex [74] <./clock_8h__incl.pdf>
<clock_8h__incl.pdf, id=5385, 1181.41376pt x 212.795pt>
File: clock_8h__incl.pdf Graphic file (type pdf)
<use clock_8h__incl.pdf>
Package pdftex.def Info: clock_8h__incl.pdf  used on input line 13.
(pdftex.def)             Requested size: 350.0pt x 63.04022pt.
 <./clock_8h__dep__incl.pdf

pdfTeX warning: pdflatex (file ./clock_8h__dep__incl.pdf): PDF inclusion: multi
ple pdfs with page group included in a single page
>
<clock_8h__dep__incl.pdf, id=5393, 236.885pt x 212.795pt>
File: clock_8h__dep__incl.pdf Graphic file (type pdf)
<use clock_8h__dep__incl.pdf>
Package pdftex.def Info: clock_8h__dep__incl.pdf  used on input line 21.
(pdftex.def)             Requested size: 236.0pt x 212.00543pt.
 [75]) (./dma_8c.tex <./dma_8c__incl.pdf>
<dma_8c__incl.pdf, id=5411, 1181.41376pt x 437.635pt>
File: dma_8c__incl.pdf Graphic file (type pdf)
<use dma_8c__incl.pdf>
Package pdftex.def Info: dma_8c__incl.pdf  used on input line 15.
(pdftex.def)             Requested size: 350.0pt x 129.64877pt.
 [76] [77] [78]) (./dma_8h.tex
[79] <./dma_8h__incl.pdf

pdfTeX warning: pdflatex (file ./dma_8h__incl.pdf): PDF inclusion: multiple pdf
s with page group included in a single page
>
<dma_8h__incl.pdf, id=5533, 1181.41376pt x 381.425pt>
File: dma_8h__incl.pdf Graphic file (type pdf)
<use dma_8h__incl.pdf>
Package pdftex.def Info: dma_8h__incl.pdf  used on input line 14.
(pdftex.def)             Requested size: 350.0pt x 112.99664pt.
 <./dma_8h__dep__incl.pdf

pdfTeX warning: pdflatex (file ./dma_8h__dep__incl.pdf): PDF inclusion: multipl
e pdfs with page group included in a single page
>
<dma_8h__dep__incl.pdf, id=5541, 234.8775pt x 212.795pt>
File: dma_8h__dep__incl.pdf Graphic file (type pdf)
<use dma_8h__dep__incl.pdf>
Package pdftex.def Info: dma_8h__dep__incl.pdf  used on input line 22.
(pdftex.def)             Requested size: 234.0pt x 211.99895pt.
 [80]) (./ebc_8c.tex <./ebc_8c__incl.pdf>
<ebc_8c__incl.pdf, id=5557, 1181.41376pt x 269.005pt>
File: ebc_8c__incl.pdf Graphic file (type pdf)
<use ebc_8c__incl.pdf>
Package pdftex.def Info: ebc_8c__incl.pdf  used on input line 13.
(pdftex.def)             Requested size: 350.0pt x 79.69237pt.
 [81] [82] [83]) (./ebc_8h.tex <./ebc_8h__incl.pdf

pdfTeX warning: pdflatex (file ./ebc_8h__incl.pdf): PDF inclusion: multiple pdf
s with page group included in a single page
>
<ebc_8h__incl.pdf, id=5606, 1181.41376pt x 212.795pt>
File: ebc_8h__incl.pdf Graphic file (type pdf)
<use ebc_8h__incl.pdf>
Package pdftex.def Info: ebc_8h__incl.pdf  used on input line 13.
(pdftex.def)             Requested size: 350.0pt x 63.04022pt.
 <./ebc_8h__dep__incl.pdf

pdfTeX warning: pdflatex (file ./ebc_8h__dep__incl.pdf): PDF inclusion: multipl
e pdfs with page group included in a single page
>
<ebc_8h__dep__incl.pdf, id=5614, 523.9575pt x 212.795pt>
File: ebc_8h__dep__incl.pdf Graphic file (type pdf)
<use ebc_8h__dep__incl.pdf>
Package pdftex.def Info: ebc_8h__dep__incl.pdf  used on input line 21.
(pdftex.def)             Requested size: 350.0pt x 142.14978pt.

Underfull \vbox (badness 2027) has occurred while \output is active []

 [84]
[85]) (./external__ram_8c.tex
Underfull \vbox (badness 10000) has occurred while \output is active []

 [86] <./external__ram_8c__incl.pdf

pdfTeX warning: pdflatex (file ./external__ram_8c__incl.pdf): PDF inclusion: mu
ltiple pdfs with page group included in a single page
>
<external__ram_8c__incl.pdf, id=5665, 1181.41376pt x 493.845pt>
File: external__ram_8c__incl.pdf Graphic file (type pdf)
<use external__ram_8c__incl.pdf>
Package pdftex.def Info: external__ram_8c__incl.pdf  used on input line 16.
(pdftex.def)             Requested size: 350.0pt x 146.3009pt.
 [87] [88] [89]) (./external__ram_8h.tex <./external__ram_8h__incl.pdf

pdfTeX warning: pdflatex (file ./external__ram_8h__incl.pdf): PDF inclusion: mu
ltiple pdfs with page group included in a single page
>
<external__ram_8h__incl.pdf, id=5950, 1181.41376pt x 437.635pt>
File: external__ram_8h__incl.pdf Graphic file (type pdf)
<use external__ram_8h__incl.pdf>
Package pdftex.def Info: external__ram_8h__incl.pdf  used on input line 16.
(pdftex.def)             Requested size: 350.0pt x 129.64877pt.
 <./external__ram_8h__dep__incl.pdf

pdfTeX warning: pdflatex (file ./external__ram_8h__dep__incl.pdf): PDF inclusio
n: multiple pdfs with page group included in a single page
>
<external__ram_8h__dep__incl.pdf, id=5958, 654.445pt x 212.795pt>
File: external__ram_8h__dep__incl.pdf Graphic file (type pdf)
<use external__ram_8h__dep__incl.pdf>
Package pdftex.def Info: external__ram_8h__dep__incl.pdf  used on input line 24
.
(pdftex.def)             Requested size: 350.0pt x 113.8036pt.
 [90] [91] [92] [93] [94] [95] [96] [97] [98] [99] [100] [101] [102])
(./external__rom_8c.tex
Underfull \vbox (badness 10000) has occurred while \output is active []

 [103] <./external__rom_8c__incl.pdf

pdfTeX warning: pdflatex (file ./external__rom_8c__incl.pdf): PDF inclusion: mu
ltiple pdfs with page group included in a single page
>
<external__rom_8c__incl.pdf, id=6381, 1181.41376pt x 493.845pt>
File: external__rom_8c__incl.pdf Graphic file (type pdf)
<use external__rom_8c__incl.pdf>
Package pdftex.def Info: external__rom_8c__incl.pdf  used on input line 14.
(pdftex.def)             Requested size: 350.0pt x 146.3009pt.
 [104] [105] [106]) (./external__rom_8h.tex [107] <./external__rom_8h__incl.pdf


pdfTeX warning: pdflatex (file ./external__rom_8h__incl.pdf): PDF inclusion: mu
ltiple pdfs with page group included in a single page
>
<external__rom_8h__incl.pdf, id=6536, 1181.41376pt x 212.795pt>
File: external__rom_8h__incl.pdf Graphic file (type pdf)
<use external__rom_8h__incl.pdf>
Package pdftex.def Info: external__rom_8h__incl.pdf  used on input line 13.
(pdftex.def)             Requested size: 350.0pt x 63.04022pt.
 <./external__rom_8h__dep__incl.pdf

pdfTeX warning: pdflatex (file ./external__rom_8h__dep__incl.pdf): PDF inclusio
n: multiple pdfs with page group included in a single page
>
<external__rom_8h__dep__incl.pdf, id=6544, 655.44875pt x 269.005pt>
File: external__rom_8h__dep__incl.pdf Graphic file (type pdf)
<use external__rom_8h__dep__incl.pdf>
Package pdftex.def Info: external__rom_8h__dep__incl.pdf  used on input line 21
.
(pdftex.def)             Requested size: 350.0pt x 143.64328pt.
 [108] [109] [110] [111] [112] [113] [114] [115] [116]
Underfull \hbox (badness 10000) detected at line 531
[][][]
 []

) (./internal__ram_8c.tex [117] <./internal__ram_8c__incl.pdf

pdfTeX warning: pdflatex (file ./internal__ram_8c__incl.pdf): PDF inclusion: mu
ltiple pdfs with page group included in a single page
>
<internal__ram_8c__incl.pdf, id=6769, 1181.41376pt x 269.005pt>
File: internal__ram_8c__incl.pdf Graphic file (type pdf)
<use internal__ram_8c__incl.pdf>
Package pdftex.def Info: internal__ram_8c__incl.pdf  used on input line 13.
(pdftex.def)             Requested size: 350.0pt x 79.69237pt.
 [118]) (./internal__ram_8h.tex <./internal__ram_8h__incl.pdf>
<internal__ram_8h__incl.pdf, id=6813, 1181.41376pt x 212.795pt>
File: internal__ram_8h__incl.pdf Graphic file (type pdf)
<use internal__ram_8h__incl.pdf>
Package pdftex.def Info: internal__ram_8h__incl.pdf  used on input line 13.
(pdftex.def)             Requested size: 350.0pt x 63.04022pt.
 <./internal__ram_8h__dep__incl.pdf

pdfTeX warning: pdflatex (file ./internal__ram_8h__dep__incl.pdf): PDF inclusio
n: multiple pdfs with page group included in a single page
>
<internal__ram_8h__dep__incl.pdf, id=6821, 275.0275pt x 212.795pt>
File: internal__ram_8h__dep__incl.pdf Graphic file (type pdf)
<use internal__ram_8h__dep__incl.pdf>
Package pdftex.def Info: internal__ram_8h__dep__incl.pdf  used on input line 21
.
(pdftex.def)             Requested size: 274.0pt x 212.01843pt.
 [119] [120]
Underfull \vbox (badness 10000) has occurred while \output is active []

 [121]
Underfull \hbox (badness 10000) detected at line 144
[][][]
 []

) (./leds_8c.tex [122] <./leds_8c__incl.pdf

pdfTeX warning: pdflatex (file ./leds_8c__incl.pdf): PDF inclusion: multiple pd
fs with page group included in a single page
>
<leds_8c__incl.pdf, id=6887, 1181.41376pt x 269.005pt>
File: leds_8c__incl.pdf Graphic file (type pdf)
<use leds_8c__incl.pdf>
Package pdftex.def Info: leds_8c__incl.pdf  used on input line 13.
(pdftex.def)             Requested size: 350.0pt x 79.69237pt.
) (./leds_8h.tex <./leds_8h__incl.pdf

pdfTeX warning: pdflatex (file ./leds_8h__incl.pdf): PDF inclusion: multiple pd
fs with page group included in a single page
>
<leds_8h__incl.pdf, id=6901, 1181.41376pt x 212.795pt>
File: leds_8h__incl.pdf Graphic file (type pdf)
<use leds_8h__incl.pdf>
Package pdftex.def Info: leds_8h__incl.pdf  used on input line 13.
(pdftex.def)             Requested size: 350.0pt x 63.04022pt.
 [123] <./leds_8h__dep__incl.pdf>
<leds_8h__dep__incl.pdf, id=6921, 310.15875pt x 212.795pt>
File: leds_8h__dep__incl.pdf Graphic file (type pdf)
<use leds_8h__dep__incl.pdf>
Package pdftex.def Info: leds_8h__dep__incl.pdf  used on input line 21.
(pdftex.def)             Requested size: 309.0pt x 211.99895pt.

Underfull \hbox (badness 10000) in paragraph at lines 34--35

 []


Overfull \hbox (30.061pt too wide) in paragraph at lines 42--43
[]\T2A/phv/bc/n/10 #define []() {[]-$\OML/cmm/m/it/10 >$\T2A/phv/bc/n/10 C[]L[]
R[]TX = [];} 
 []

[124]
Underfull \hbox (badness 10000) in paragraph at lines 75--76

 []

[125]) (./list_8c.tex <./list_8c__incl.pdf

pdfTeX warning: pdflatex (file ./list_8c__incl.pdf): PDF inclusion: multiple pd
fs with page group included in a single page
>
<list_8c__incl.pdf, id=6979, 1181.41376pt x 269.005pt>
File: list_8c__incl.pdf Graphic file (type pdf)
<use list_8c__incl.pdf>
Package pdftex.def Info: list_8c__incl.pdf  used on input line 13.
(pdftex.def)             Requested size: 350.0pt x 79.69237pt.
 [126] [127] [128]) (./list_8h.tex <./list_8h__incl.pdf

pdfTeX warning: pdflatex (file ./list_8h__incl.pdf): PDF inclusion: multiple pd
fs with page group included in a single page
>
<list_8h__incl.pdf, id=7066, 1181.41376pt x 212.795pt>
File: list_8h__incl.pdf Graphic file (type pdf)
<use list_8h__incl.pdf>
Package pdftex.def Info: list_8h__incl.pdf  used on input line 15.
(pdftex.def)             Requested size: 350.0pt x 63.04022pt.
 [129] <./list_8h__dep__incl.pdf

pdfTeX warning: pdflatex (file ./list_8h__dep__incl.pdf): PDF inclusion: multip
le pdfs with page group included in a single page
>
<list_8h__dep__incl.pdf, id=7078, 909.3975pt x 437.635pt>
File: list_8h__dep__incl.pdf Graphic file (type pdf)
<use list_8h__dep__incl.pdf>
Package pdftex.def Info: list_8h__dep__incl.pdf  used on input line 23.
(pdftex.def)             Requested size: 350.0pt x 168.43323pt.
 [130] [131] [132]
Overfull \vbox (10.95703pt too high) has occurred while \output is active []


[133] [134]
Underfull \hbox (badness 10000) detected at line 332
[][][]
 []

[135]
Underfull \hbox (badness 10000) detected at line 359
[][][]
 []

) (./main_8c.tex <./main_8c__incl.pdf

pdfTeX warning: pdflatex (file ./main_8c__incl.pdf): PDF inclusion: multiple pd
fs with page group included in a single page
>
<main_8c__incl.pdf, id=7216, 1232.605pt x 550.055pt>
File: main_8c__incl.pdf Graphic file (type pdf)
<use main_8c__incl.pdf>
Package pdftex.def Info: main_8c__incl.pdf  used on input line 9.
(pdftex.def)             Requested size: 350.0pt x 156.18817pt.
 [136] [137] [138]
Underfull \vbox (badness 10000) has occurred while \output is active []

 [139]
[140]
Underfull \hbox (badness 10000) detected at line 345
[][][]
 []

[141] [142] [143]) (./main_8h.tex <./main_8h__incl.pdf

pdfTeX warning: pdflatex (file ./main_8h__incl.pdf): PDF inclusion: multiple pd
fs with page group included in a single page
>
<main_8h__incl.pdf, id=7626, 1232.605pt x 493.845pt>
File: main_8h__incl.pdf Graphic file (type pdf)
<use main_8h__incl.pdf>
Package pdftex.def Info: main_8h__incl.pdf  used on input line 25.
(pdftex.def)             Requested size: 350.0pt x 140.22733pt.
 <./main_8h__dep__incl.pdf

pdfTeX warning: pdflatex (file ./main_8h__dep__incl.pdf): PDF inclusion: multip
le pdfs with page group included in a single page
>
<main_8h__dep__incl.pdf, id=7634, 204.765pt x 156.585pt>
File: main_8h__dep__incl.pdf Graphic file (type pdf)
<use main_8h__dep__incl.pdf>
Package pdftex.def Info: main_8h__dep__incl.pdf  used on input line 33.
(pdftex.def)             Requested size: 204.0pt x 156.00879pt.
 [144] [145] [146]
Underfull \hbox (badness 10000) detected at line 209
[][][]
 []

[147]) (./mdr32__drivers_8h.tex <./mdr32__drivers_8h__incl.pdf

pdfTeX warning: pdflatex (file ./mdr32__drivers_8h__incl.pdf): PDF inclusion: m
ultiple pdfs with page group included in a single page
>
<mdr32__drivers_8h__incl.pdf, id=7781, 1181.41376pt x 156.585pt>
File: mdr32__drivers_8h__incl.pdf Graphic file (type pdf)
<use mdr32__drivers_8h__incl.pdf>
Package pdftex.def Info: mdr32__drivers_8h__incl.pdf  used on input line 21.
(pdftex.def)             Requested size: 350.0pt x 46.38809pt.
 [148] <./mdr32__drivers_8h__dep__incl.pdf

pdfTeX warning: pdflatex (file ./mdr32__drivers_8h__dep__incl.pdf): PDF inclusi
on: multiple pdfs with page group included in a single page
>
<mdr32__drivers_8h__dep__incl.pdf, id=7794, 1053.9375pt x 493.845pt>
File: mdr32__drivers_8h__dep__incl.pdf Graphic file (type pdf)
<use mdr32__drivers_8h__dep__incl.pdf>
Package pdftex.def Info: mdr32__drivers_8h__dep__incl.pdf  used on input line 2
9.
(pdftex.def)             Requested size: 350.0pt x 164.00171pt.
 [149]) (./rs422__protocol_8c.tex <./rs422__protocol_8c__incl.pdf>
<rs422__protocol_8c__incl.pdf, id=7820, 1181.41376pt x 493.845pt>
File: rs422__protocol_8c__incl.pdf Graphic file (type pdf)
<use rs422__protocol_8c__incl.pdf>
Package pdftex.def Info: rs422__protocol_8c__incl.pdf  used on input line 16.
(pdftex.def)             Requested size: 350.0pt x 146.3009pt.
 [150]
[151] [152]
Underfull \hbox (badness 10000) detected at line 111
[][][]
 []

[153]
Underfull \vbox (badness 10000) has occurred while \output is active []

 [154]
Underfull \vbox (badness 10000) has occurred while \output is active []

 [155]
Underfull \hbox (badness 10000) detected at line 366
[][][]
 []

[156]
Underfull \vbox (badness 10000) has occurred while \output is active []

 [157]
[158] [159]
Underfull \hbox (badness 10000) detected at line 642
[][][]
 []

[160] [161]) (./rs422__protocol_8h.tex <./rs422__protocol_8h__incl.pdf

pdfTeX warning: pdflatex (file ./rs422__protocol_8h__incl.pdf): PDF inclusion: 
multiple pdfs with page group included in a single page
>
<rs422__protocol_8h__incl.pdf, id=8428, 1181.41376pt x 381.425pt>
File: rs422__protocol_8h__incl.pdf Graphic file (type pdf)
<use rs422__protocol_8h__incl.pdf>
Package pdftex.def Info: rs422__protocol_8h__incl.pdf  used on input line 18.
(pdftex.def)             Requested size: 350.0pt x 112.99664pt.
 <./rs422__protocol_8h__dep__incl.pdf

pdfTeX warning: pdflatex (file ./rs422__protocol_8h__dep__incl.pdf): PDF inclus
ion: multiple pdfs with page group included in a single page
>
<rs422__protocol_8h__dep__incl.pdf, id=8436, 656.4525pt x 269.005pt>
File: rs422__protocol_8h__dep__incl.pdf Graphic file (type pdf)
<use rs422__protocol_8h__dep__incl.pdf>
Package pdftex.def Info: rs422__protocol_8h__dep__incl.pdf  used on input line 
26.
(pdftex.def)             Requested size: 350.0pt x 143.42574pt.
 [162] [163] [164] [165] [166] [167]
Underfull \vbox (badness 10000) has occurred while \output is active []

 [168]
Underfull \hbox (badness 10000) detected at line 406
[][][]
 []


Overfull \vbox (0.20908pt too high) has occurred while \output is active []


[169]
Underfull \hbox (badness 10000) detected at line 449
[][][]
 []

[170]
Underfull \vbox (badness 10000) has occurred while \output is active []

 [171]
Underfull \vbox (badness 10000) has occurred while \output is active []

 [172]
Underfull \hbox (badness 10000) detected at line 704
[][][]
 []

[173]
Underfull \vbox (badness 10000) has occurred while \output is active []

 [174]
[175] [176]
Underfull \hbox (badness 10000) detected at line 980
[][][]
 []

[177]) (./spi_8c.tex
Underfull \vbox (badness 10000) has occurred while \output is active []

 [178] <./spi_8c__incl.pdf

pdfTeX warning: pdflatex (file ./spi_8c__incl.pdf): PDF inclusion: multiple pdf
s with page group included in a single page
>
<spi_8c__incl.pdf, id=9103, 1181.41376pt x 493.845pt>
File: spi_8c__incl.pdf Graphic file (type pdf)
<use spi_8c__incl.pdf>
Package pdftex.def Info: spi_8c__incl.pdf  used on input line 15.
(pdftex.def)             Requested size: 350.0pt x 146.3009pt.
 [179] [180] [181] [182]) (./spi_8h.tex <./spi_8h__incl.pdf

pdfTeX warning: pdflatex (file ./spi_8h__incl.pdf): PDF inclusion: multiple pdf
s with page group included in a single page
>
<spi_8h__incl.pdf, id=9253, 1181.41376pt x 212.795pt>
File: spi_8h__incl.pdf Graphic file (type pdf)
<use spi_8h__incl.pdf>
Package pdftex.def Info: spi_8h__incl.pdf  used on input line 13.
(pdftex.def)             Requested size: 350.0pt x 63.04022pt.
 <./spi_8h__dep__incl.pdf

pdfTeX warning: pdflatex (file ./spi_8h__dep__incl.pdf): PDF inclusion: multipl
e pdfs with page group included in a single page
>
<spi_8h__dep__incl.pdf, id=9261, 772.8875pt x 269.005pt>
File: spi_8h__dep__incl.pdf Graphic file (type pdf)
<use spi_8h__dep__incl.pdf>
Package pdftex.def Info: spi_8h__dep__incl.pdf  used on input line 21.
(pdftex.def)             Requested size: 350.0pt x 121.8187pt.
 [183] [184] [185] [186] [187]
Overfull \vbox (8.90129pt too high) has occurred while \output is active []


[188]) (./timers_8c.tex
Underfull \vbox (badness 10000) has occurred while \output is active []

 [189] <./timers_8c__incl.pdf

pdfTeX warning: pdflatex (file ./timers_8c__incl.pdf): PDF inclusion: multiple 
pdfs with page group included in a single page
>
<timers_8c__incl.pdf, id=9422, 1190.4475pt x 550.055pt>
File: timers_8c__incl.pdf Graphic file (type pdf)
<use timers_8c__incl.pdf>
Package pdftex.def Info: timers_8c__incl.pdf  used on input line 18.
(pdftex.def)             Requested size: 350.0pt x 161.71925pt.
 [190] [191] [192] [193] [194]) (./timers_8h.tex [195] <./timers_8h__incl.pdf

pdfTeX warning: pdflatex (file ./timers_8h__incl.pdf): PDF inclusion: multiple 
pdfs with page group included in a single page
>
<timers_8h__incl.pdf, id=9562, 1181.41376pt x 269.005pt>
File: timers_8h__incl.pdf Graphic file (type pdf)
<use timers_8h__incl.pdf>
Package pdftex.def Info: timers_8h__incl.pdf  used on input line 15.
(pdftex.def)             Requested size: 350.0pt x 79.69237pt.
 <./timers_8h__dep__incl.pdf

pdfTeX warning: pdflatex (file ./timers_8h__dep__incl.pdf): PDF inclusion: mult
iple pdfs with page group included in a single page
>
<timers_8h__dep__incl.pdf, id=9570, 788.9475pt x 381.425pt>
File: timers_8h__dep__incl.pdf Graphic file (type pdf)
<use timers_8h__dep__incl.pdf>
Package pdftex.def Info: timers_8h__dep__incl.pdf  used on input line 23.
(pdftex.def)             Requested size: 350.0pt x 169.21269pt.
 [196] [197] [198] [199]) (./uart_8c.tex <./uart_8c__incl.pdf

pdfTeX warning: pdflatex (file ./uart_8c__incl.pdf): PDF inclusion: multiple pd
fs with page group included in a single page
>
<uart_8c__incl.pdf, id=9648, 1181.41376pt x 381.425pt>
File: uart_8c__incl.pdf Graphic file (type pdf)
<use uart_8c__incl.pdf>
Package pdftex.def Info: uart_8c__incl.pdf  used on input line 14.
(pdftex.def)             Requested size: 350.0pt x 112.99664pt.
 [200] [201] [202]
Underfull \hbox (badness 10000) detected at line 192
[][][]
 []

[203]
Underfull \hbox (badness 10000) detected at line 294
[][][]
 []

[204]
Underfull \hbox (badness 10000) detected at line 371
[][][]
 []

[205]
Underfull \hbox (badness 10000) detected at line 477
[][][]
 []

[206]
Underfull \hbox (badness 10000) detected at line 504
[][][]
 []


Overfull \vbox (4.68779pt too high) has occurred while \output is active []


[207]
Underfull \hbox (badness 10000) detected at line 591
[][][]
 []

[208]) (./uart_8h.tex <./uart_8h__incl.pdf

pdfTeX warning: pdflatex (file ./uart_8h__incl.pdf): PDF inclusion: multiple pd
fs with page group included in a single page
>
<uart_8h__incl.pdf, id=10005, 1181.41376pt x 325.215pt>
File: uart_8h__incl.pdf Graphic file (type pdf)
<use uart_8h__incl.pdf>
Package pdftex.def Info: uart_8h__incl.pdf  used on input line 15.
(pdftex.def)             Requested size: 350.0pt x 96.3445pt.
 <./uart_8h__dep__incl.pdf

pdfTeX warning: pdflatex (file ./uart_8h__dep__incl.pdf): PDF inclusion: multip
le pdfs with page group included in a single page
>
<uart_8h__dep__incl.pdf, id=10014, 705.63625pt x 325.215pt>
File: uart_8h__dep__incl.pdf Graphic file (type pdf)
<use uart_8h__dep__incl.pdf>
Package pdftex.def Info: uart_8h__dep__incl.pdf  used on input line 23.
(pdftex.def)             Requested size: 350.0pt x 161.30695pt.
 [209] [210] [211] [212] [213] [214] [215] [216]
Underfull \hbox (badness 10000) detected at line 455
[][][]
 []


Underfull \hbox (badness 10000) detected at line 480
[][][]
 []

[217]
Underfull \hbox (badness 10000) detected at line 557
[][][]
 []

[218] [219]
Underfull \hbox (badness 10000) detected at line 663
[][][]
 []


Underfull \hbox (badness 10000) detected at line 690
[][][]
 []


Underfull \vbox (badness 1173) has occurred while \output is active []

 [220]
Underfull \hbox (badness 10000) detected at line 777
[][][]
 []

[221]) [222] (./refman.ind [223



]

Package Fancyhdr Warning: \headheight is too small (12.0pt): 
Make it at least 12.51453pt.
We now make it that large for the rest of the document.
This may cause the page layout to be inconsistent, however.

[224] [225]
Overfull \hbox (28.0855pt too wide) in paragraph at lines 391--392
[]| \T2A/phv/bc/n/10 START_STRUCT_RANGE0_START_CH_NUM,
 []


Overfull \hbox (28.0855pt too wide) in paragraph at lines 395--396
[]| \T2A/phv/bc/n/10 START_STRUCT_RANGE1_START_CH_NUM,
 []


Overfull \hbox (28.0855pt too wide) in paragraph at lines 399--400
[]| \T2A/phv/bc/n/10 START_STRUCT_RANGE2_START_CH_NUM,
 []


Underfull \hbox (badness 10000) in paragraph at lines 401--402
[]| \T2A/phv/bc/n/10 START_STRUCT_TEXT_INFO_ADDR,
 []

[226] [227] [228] [229] [230] [231] [232] [233] [234] [235] [236] [237

])
Package atveryend Info: Empty hook `BeforeClearDocument' on input line 256.
Package atveryend Info: Empty hook `AfterLastShipout' on input line 256.

(./refman.aux)
Package atveryend Info: Executing hook `AtVeryEndDocument' on input line 256.
Package atveryend Info: Executing hook `AtEndAfterFileList' on input line 256.
Package rerunfilecheck Info: File `refman.out' has not changed.
(rerunfilecheck)             Checksum: 983608B6FC176CE5D08E0512E436D35E;149206.



LaTeX Font Warning: Some font shapes were not available, defaults substituted.

 ) 
Here is how much of TeX's memory you used:
 21083 strings out of 494035
 358941 string characters out of 6169000
 608688 words of memory out of 5000000
 22441 multiletter control sequences out of 15000+600000
 23404 words of font info for 60 fonts, out of 8000000 for 9000
 430 hyphenation exceptions out of 8191
 53i,16n,92p,1187b,793s stack positions out of 5000i,500n,10000p,200000b,80000s
 </home/alex/.texlive2018/texmf-var/fonts/pk/ljfour/lh/lh-t2a/larm0800.600pk>
 </home/alex/.texlive2018/texmf-var/fonts/pk/ljfour/lh/lh-t2a/larm0900.600pk>{/
usr/share/texlive/texmf-dist/fonts/enc/dvips/base/8r.enc} </home/alex/.texlive2
018/texmf-var/fonts/pk/ljfour/lh/lh-t2a/larm2488.600pk> </home/alex/.texlive201
8/texmf-var/fonts/pk/ljfour/lh/lh-t2a/larm2074.600pk> </home/alex/.texlive2018/
texmf-var/fonts/pk/ljfour/lh/lh-t2a/larm0700.600pk> </home/alex/.texlive2018/te
xmf-var/fonts/pk/ljfour/lh/lh-t2a/larm1000.600pk> </home/alex/.texlive2018/texm
f-var/fonts/pk/ljfour/lh/lh-t2a/larm1200.600pk> </home/alex/.texlive2018/texmf-
var/fonts/pk/ljfour/lh/lh-t2a/larm1440.600pk></usr/share/texlive/texmf-dist/fon
ts/type1/public/amsfonts/cm/cmmi10.pfb></usr/share/texlive/texmf-dist/fonts/typ
e1/public/amsfonts/cm/cmmi7.pfb></usr/share/texlive/texmf-dist/fonts/type1/publ
ic/amsfonts/cm/cmmi8.pfb></usr/share/texlive/texmf-dist/fonts/type1/public/amsf
onts/cm/cmmi9.pfb></usr/share/texlive/texmf-dist/fonts/type1/public/amsfonts/cm
/cmsy10.pfb></usr/share/texlive/texmf-dist/fonts/type1/public/amsfonts/cm/cmsy7
.pfb></usr/share/texlive/texmf-dist/fonts/type1/public/amsfonts/cm/cmsy8.pfb></
usr/share/texlive/texmf-dist/fonts/type1/urw/helvetic/uhvr8a.pfb>
Output written on refman.pdf (257 pages, 1458040 bytes).
PDF statistics:
 12699 PDF objects out of 12825 (max. 8388607)
 11453 compressed objects within 115 object streams
 1839 named destinations out of 2073 (max. 500000)
 6272 words of extra memory for PDF output out of 10000 (max. 10000000)

